!:LOGFILE SZRPT.LOG
:DEFINE $SUBSTITUTION=$TRUE
RUN (XEXEC)MINIT

!PJOB	;Monday
Frame 9  TTY43  JMS[3,431116] at X14

!SYS G

TYMSHARE X14-P035/E01 2-11-91 up 6:24 at 11:00:16 on Mon Mar 11,1991
Null time = 4:33, Idle = 71% (Idle time per MIN. = 76%)
9 jobs in use out of 31.  6 detached

Users=9 Det=6 [3,3], Queues: RUN=3 DIO=0 TIO=2 IO=0 SPC=4
1022 Physical pages available (MONITOR = 282P, User Area = 740P)
Virt. memory used (TPU/TPA): 479/740 = 65%

DSKB: 1243 Pages free, 9 users

!ASSIGN DSK TTY	;Put GAN 3 listing in DSK:SZRPT.LST
DSK assigned

!R SZRPT
Inhouse separated? (Y,N,I,O,2) Y
Sort by? NUMACCOUNT
Working...
ACCOUNT NUMBER? 3

!DEASSIGN	;Listing back to TTY

!R SZRPT
Inhouse separated? (Y,N,I,O,2) 6
Sort by? SIZE
Working...
11-MAR-1991	11:02

TOTAL PAGES 28433  FILES 2154

  INHOUSE	QUOTA		  OVER		OUTHOUSE

28431   2153                             2   1

 36  10401  465 999999 SYS               100      2    1   1250 TNXAIL
 45   2586  260   8000 EBUS              100      0    0  15000 TRWNET
 52   1813  158  20000 MPL               100      0    0   5000 LOADII
 56   1405   17  99999 M33
 61   1183   84   5000 KSDIAG
 64    989   63   5000 SPL
 68    984   79 100000 CARL
 71    946   63   5000 FTSYS
 74    850   63  20000 JMS
 76    718   35  10000 UN1
 78    576   48  10000 XEXEC
 80    550  299  25000 UFD
 82    513   18  25000 MAIL
 84    397   38   1250 SRA
 85    397   46  25000 OSMAN
 86    369   44  10000 KS2020
 87    342    3  20000 OSP
 89    318   47   2500 UTIL
 90    311   22  30000 CNFE
 91    305   11   1000 TYMNET
 92    291    3 250000 UAS
 93    283   36   5000 NEW11
 94    274   40   7000 SUBMIT
 94    193    3  25000 BILLING10
 95    179   35  12500 DANIELSR
 96    169    2  25000 OSNF
 96    154   34   2500 PJ
 97    109   17   6000 KL10
 97     99   11  25000 CUD10
 97     94   11  50000 CURR11
 98     78   14 500000 TXSINFO
 98     72    6  10000 OSU
 98     65    6  25000 OSB
 98     63    3   2500 DIAG10
 98     50    8   1500 PKRUMV
 99     48    2  41248 TYM5
 99     47    1   1000 LPTSPL
 99     35    2   5000 DIAG10D
 99     25    1  10000 UPL
 99     23    1   5000 SPPOPER
 99     16    8   1200 DENCOFF
 99     14    7  25000 SSPAMBIN
 99     14    7   1000 SALLY
 99     13    7 250000 OPER
 99     13    2   5000 WRS
 99      9    1  25000 INFO
 99      6    1   1000 RICHARDSON
 99      5    2   1250 DOC11
 99      3    2    100 ZZZ-LAST-DIR
 99      2    1  10000 KSBACK
 99      2    1   1250 FLETCHERC
 99      2    1   1000 JSMITH
 99      2    1   1250 JAIL
 99      2    1   1388 ERNSTD
 99      2    1  25000 SSPAMSYM
 99      2    1   1250 PERPOPER
 99      2    1   4000 DERNST
 99      2    1   1250 DOCAIL
 99      2    1   1250 RODRIGUEZL
 99      2    1   1000 PASNEW

!R QUOLST
Disk quotas (number of pages available) for [3,431116]
Str	 FCFS	LOGOUT	 used	left:(in) (out)	 (sys)
-----	------	------	------	------	------	------
DSKB:	 20000	 20000	   853	 19147	 19147	  1317    (JMS)

!TYPE SZRPT.LST

11-MAR-1991	11:00

TOTAL PAGES 11717  FILES 907

  INHOUSE	QUOTA		  OVER		OUTHOUSE

11715   906                              2   1

 22   2586  260   8000 EBUS              100      2    1   1250 TNXAIL
 37   1813  158  20000 MPL
 49   1405   17  99999 M33
 57    989   63   5000 SPL
 66    984   79 100000 CARL
 73    847   62  20000 JMS
 78    576   48  10000 XEXEC
 82    513   18  25000 MAIL
 86    397   46  25000 OSMAN
 89    369   44  10000 KS2020
 92    342    3  20000 OSP
 94    274   40   7000 SUBMIT
 96    169    2  25000 OSNF
 97    109   17   6000 KL10
 97     78   14 500000 TXSINFO
 98     72    6  10000 OSU
 98     65    6  25000 OSB
 99     47    1   1000 LPTSPL
 99     23    1   5000 SPPOPER
 99     14    7   1000 SALLY
 99     13    2   5000 WRS
 99      9    1  25000 INFO
 99      3    2    100 ZZZ-LAST-DIR
 99      2    1  10000 KSBACK
 99      2    1   1250 FLETCHERC
 99      2    1   1250 JAIL
 99      2    1   1388 ERNSTD
 99      2    1   1250 DOCAIL
 99      2    1   1000 PASNEW
 99      2    1   1000 SPUNKTEST
 99      2    1   1000 GLYONS
100      2    1  25000 TXSSUP
100      0    0 125000 EXECX
100      0    0   1000 TBAFTDEB
100      0    0   1000 OSFT
100      0    0  25000 703-TOPS10
100      0    0   6000 HELGEM
100      0    0   1000 LAGOLD
100      0    0  25000 MRC-MM
100      0    0  10000 SPPARCH
100      0    0  25000 CB-DEC
100      0    0   1000 NFDM
100      0    0    700 UWORK
100      0    0  62500 NATHANIELG
100      0    0   2000 JW.WORK
100      0    0  10000 K.TAPE
100      0    0   1000 NEWRPG
100      0    0   1000 TTR
100      0    0   2500 KDEV3
100      0    0   5000 KLIB
100      0    0  10000 XXARC
100      0    0  10000 PEAK
100      0    0 100000 YEUX
100      0    0  53392 TXSDOC
100      0    0   5000 FJSAIL
100      0    0   3000 SAIL
100      0    0  25000 WFWCUSP
100      0    0 100000 LPQ
100      0    0   1000 COBOLQA
100      0    0  10000 M33-118
100      0    0  25000 CB-GAMES
100      0    0  25000 CB-PARSER
100      0    0  25000 CB-MAIL
100      0    0   1000 LPQUE
100      0    0  10000 TOPS10-702
100      0    0   5000 DEC
100      0    0  62500 MWORK
100      0    0  62500 GABRIELG
100      0    0   6250 K.SLR
100      0    0   2000 JW.DSKCLN
100      0    0   2500 NEWFDM
100      0    0   2500 MACRO53TST
100      0    0   2500 PEAK1
100      0    0 100000 VUE
100      0    0 999999 YAMM
100      0    0   1250 TYMGRIPE
100      0    0   1250 XAIL
100      0    0   2000 IMPORT
100      0    0 250000 WFW
100      0    0  10000 ZORK
100      0    0  25000 CB-SAILIB
100      0    0   2500 KDEV2
100      0    0 100000 VU
100      0    0    125 FOO
100      0    0   2000 TELE
100      0    0   2000 JMS-KERMIT
100      0    0  10000 TOPS10-701
100      0    0   3000 FOROTS
100      0    0  25000 CB-INFO
100      0    0  25000 ATPCH
100      0    0  62500 JASONG
100      0    0  62500 SYSINFO
100      0    0  20000 K.AUXIO
100      0    0   2500 NEWINFO
100      0    0  10000 LOGGER
100      0    0   2500 MACRO53
100      0    0   5000 PEAKX
100      0    0  25000 SAILFOO
100      0    0   5000 SAILIB
100      0    0   2500 MONDOC
100      0    0  25000 KAREN
100      0    0  25000 CB-SAIL-LIB
100      0    0   1000 PRODUCTLIST
100      0    0  40000 XUEY
100      0    0  25000 LRAC
100      0    0   1000 TXSTEST
100      0    0   1000 DOC2
100      0    0   2000 REGIS
100      0    0   5000 TOPS10
100      0    0  25000 JUNKMAIL
100      0    0   5000 JMS-INFO
100      0    0  25000 CB-MEMO
100      0    0  62500 SAFIYEG
100      0    0   1250 SYSMAINT
100      0    0   1000 VMAP
100      0    0   2500 PEAKDOC
100      0    0   6250 DWS
100      0    0   2500 GAZEL
100      0    0   3000 SAILTEST
100      0    0  12500 EMACS
100      0    0   1250 UORAIL
100      0    0  25000 CB-SAIL-ARC
100      0    0   2000 TOPS20
100      0    0   2500 DCOFFEY
100      0    0   1000 11CURR
100      0    0   2500 OEIL
100      0    0  25000 MFICHE
100      0    0    250 LEEBOLTON
100      0    0   1500 GIGI
100      0    0 200000 BADFILES
100      0    0  25000 CB-KERMIT
100      0    0  25000 DEC-CUSPS
100      0    0   5000 K.SAIL
100      0    0   1000 CSTEMPLATE
100      0    0   6250 ZONNIE
100      0    0  10000 NDT
100      0    0   2000 COPYPC
100      0    0 NO DUL ENTRY FOR [3,704100]
100      0    0  25000 M33-NOBACKUP
100      0    0   2500 VIEW
100      0    0   1250 XCONSULT
100      0    0  12000 NOT-JMS
100      0    0   2000 NOT-DENCOFF
100      0    0    250 JOESMITH
100      0    0  25000 TXSTEXT
100      0    0  25000 CB-SAIL
100      0    0  25000 CB-EXE
100      0    0  62500 SWORK
100      0    0   5000 K.LISP
100      0    0  10000 PEAK.OLD
100      0    0   1000 PASSFRAME
100      0    0   3000 SYSFIL
100      0    0   5000 PRT
100      0    0   3000 TSUCOOP
100      0    0   1250 CMUAIL
100      0    0   2000 SOCCI
100      0    0 NO DUL ENTRY FOR [3,700310]
100      0    0   1000 PASCALX
100      0    0   1000 LWALTON
100      0    0   2500 KDEV1
100      0    0  25000 CB-MAGNUM
100      0    0    500 BIONIC
100      0    0   2500 EYES
100      0    0   2000 TJB
100      0    0  25000 OSARC
100      0    0 250000 TODD
100      0    0   2000 PUB
100      0    0    250 JMS-CSM
100      0    0  25000 CB-DECDIR
100      0    0   3000 TED
100      0    0  62500 BWORK
100      0    0   6250 MARYG
100      0    0   5000 LINK10
100      0    0   6000 NEWSCAN
100      0    0   5000 MYPEAK
100      0    0   4000 NEWSPL


EXIT

!COPY SZRPT.LOG,SZRPT.Monday

!;SZRPT.LST=GAN:3, SZRPT.LOG=ALL
!DIRECT SZRPT.*

SZRPT   MON       5  11-MAR-91 1105    ALL RD  NO      2048          
SZRPT   LST       4  11-MAR-91 1100    ALL RD  NO      1135          
SZRPT   LOG       1  11-MAR-91 1100    ALL RD  NO      2048          
SZRPT   WED       5   6-MAR-91   49    ALL RD  NO      2048          
SZRPT   TUE       5   5-MAR-91   49    ALL RD  NO      2048          
SZRPT   SUN      3-MAR-91   49    ALL RD  NO      2048          
SZRPT   SAT       5   2-MAR-91   49    ALL RD  NO      2048          
SZRPT   FRI       5   1-MAR-91   49    ALL RD  NO      2048          
SZRPT   THU       5  28-FEB-91   49    ALL RD  NO      2048          
SZRPT   CTL       2  15-FEB-91 1615    ALL RD  NO        87          
SZRPT   X14       5  28-OCT-88 1326    ALL RD  NO      1879          

!SENDMAIL PDP10STATS@TARDIS
Type letter:
SZRPT report
:SEND CHAR 2
File name: SZRPT.LOG
:SEND CHAR 4

End of SAIL execution
!FINDIT *.TMP/NOCHECK
(JMS         :  14) 007RPG.TMP     2 11-Mar-91 11:00         ALL  RD  NO
(JMS         :  14) 010RPG.TMP     2 11-Mar-91 11:00         ALL  RD  NO
(JMS         :  14) 008RPG.TMP     2 11-Mar-91 11:02         ALL  RD  NO
(JMS         :  14) 009RPG.TMP     2 11-Mar-91 11:04         ALL  RD  NO

!LOGOUT
101.00 tru
terminal time: 0:07:05

; Req #8083 completed
    * 
&