29aug88 17:05:02 #7 (MAIL) RUN (MAIL)MAILER
29aug88 18:05:02 #7 (MAIL) RUN (MAIL)MAILER
29aug88 19:05:02 #7 (MAIL) RUN (MAIL)MAILER
29aug88 20:05:02 #7 (MAIL) RUN (MAIL)MAILER
29aug88 21:05:02 #7 (MAIL) RUN (MAIL)MAILER
29aug88 22:05:02 #7 (MAIL) RUN (MAIL)MAILER
29aug88 23:05:02 #7 (MAIL) RUN (MAIL)MAILER
30aug88  0:00:11 #7 (PERPOPER) RUN (SYS)EXECX
30aug88  0:00:16 #8 (NEW11) RUN (XEXEC)MINIT
30aug88  0:00:16 #8 (NEW11) RUN (XEXEC)MEXEC
30aug88  0:00:17 #8 (NEW11) RUN (XEXEC)RDIST
30aug88  0:00:22 #9 (NEW11) RUN (SPL)FINDIT
30aug88  0:00:54 #9 (NEW11) RUN (SPL)FINDIT
30aug88  0:01:08 #10 (JMS) RUN (SYS)GFD
30aug88  0:01:13 #10 (JMS) RUN (SYS)GFD
30aug88  0:01:33 #8 (NEW11) RUN (XEXEC)MEXEC
30aug88  0:01:34 #10 (JMS) RUN (SYS)SZRPT
30aug88  0:01:34 #8 (NEW11) RUN (XEXEC)RDIST
30aug88  0:01:42 #9 (NEW11) RUN (SPL)FINDIT
30aug88  0:02:28 #10 (JMS) RUN (SYS)SZRPT
30aug88  0:05:02 #10 (MAIL) RUN (MAIL)MAILER
30aug88  0:12:13 #8 (NEW11) RUN (XEXEC)MEXEC
30aug88  0:12:14 #8 (NEW11) RUN (XEXEC)RDIST
30aug88  0:12:19 #9 (NEW11) RUN (SPL)FINDIT
30aug88  0:12:54 #9 (NEW11) RUN (SPL)FINDIT
30aug88  0:13:06 #8 (NEW11) RUN (SYS)TELECO
30aug88  1:05:05 #7 (MAIL) RUN (MAIL)MAILER
30aug88  2:05:04 #7 (MAIL) RUN (MAIL)MAILER
30aug88  3:05:04 #7 (MAIL) RUN (MAIL)MAILER
30aug88  4:05:03 #7 (MAIL) RUN (MAIL)MAILER
30aug88  5:05:03 #7 (MAIL) RUN (MAIL)MAILER
30aug88  6:05:04 #7 (MAIL) RUN (MAIL)MAILER
30aug88  7:05:04 #7 (MAIL) RUN (MAIL)MAILER
30aug88  7:30:13 #7 (PERPOPER) RUN (SYS)EXECX
30aug88  7:30:27 #8 (JMS) RUN (MPL)FNDBAD
30aug88  7:30:57 #8 (JMS) RUN (JMS)TECO
30aug88  7:31:01 #8 (JMS) RUN (MPL)TYPER
30aug88  7:31:02 #8 (JMS) RUN (SYS)TYPE
30aug88  8:05:01 #7 (MAIL) RUN (MAIL)MAILER
31aug88  2:58:56 #1 (OPER) RUN (SYS)DSKCLN
31aug88  2:59:51 #3 (OPER) RUN (SYS)COPYCR
31aug88  2:59:52 #3 (OPER) RUN (SYS)CRSHID
31aug88  2:59:53 #2 (OPER) RUN (SYS)CHKPNT
31aug88  2:59:54 #5 (OPER) RUN (SYS)KMCLOD
30aug88  9:31:50 #4 (PERPOPER) RUN (SYS)XEXEC
30aug88  9:31:52 #1 (PJ) RUN (PJ)PAM
30aug88  9:31:54 #5 (SRA) RUN (SRA)SYSDAT
30aug88 10:05:04 #3 (MAIL) RUN (MAIL)MAILER
30aug88 10:05:10 #3 (SRA) RUN (SRA)SYSDAT
30aug88 10:19:57 #6 (SSPAMBIN) RUN (SSPAMBIN)SETPSC
30aug88 10:28:36 #6 (JMS) RUN (MPL)TYPER
30aug88 10:28:36 #6 (JMS) RUN (SYS)TYPE
30aug88 10:28:43 #6 (JMS) RUN (SYS)SUBMIT
30aug88 10:29:23 #7 (PERPOPER) RUN (SYS)EXECX
30aug88 10:29:28 #8 (JMS) RUN (MPL)MHX
30aug88 10:29:40 #9 (JMS) RUN (MPL)TYPER
30aug88 10:29:41 #9 (JMS) RUN (SYS)TYPE
30aug88 10:36:24 #9 (SSPAMBIN) RUN (SSPAMBIN)SETPSC
30aug88 10:41:20 #6 (JMS) RUN (MPL)TYPER
30aug88 10:41:20 #6 (JMS) RUN (SYS)TYPE
30aug88 10:46:42 #6 (JMS) RUN (XEXEC)MEXEC
30aug88 10:46:43 #6 (JMS) RUN (SPL)TAUX
30aug88 10:56:31 #6 (JMS) RUN (XEXEC)MEXEC
30aug88 10:56:31 #6 (JMS) RUN (SPL)TAUX
30aug88 11:05:03 #7 (MAIL) RUN (MAIL)MAILER
30aug88 11:38:11 #7 (SSPAMBIN) RUN (SSPAMBIN)SETPSC
30aug88 11:54:36 #7 (SSPAMBIN) RUN (SSPAMBIN)SETPSC
30aug88 12:05:03 #7 (MAIL) RUN (MAIL)MAILER
30aug88 13:05:03 #7 (MAIL) RUN (MAIL)MAILER
30aug88 14:05:03 #7 (MAIL) RUN (MAIL)MAILER
30aug88 14:17:50 #7 (CARL) RUN (SYS)OPER
30aug88 14:25:51 #6 (JMS) RUN (XEXEC)MEXEC
30aug88 14:25:51 #6 (JMS) RUN (SPL)TAUX
30aug88 14:27:04 #7 (SSPAMBIN) RUN (SSPAMBIN)SETPSC
30aug88 15:05:03 #7 (MAIL) RUN (MAIL)MAILER
30aug88 15:26:34 #7 (OSMAN) RUN (SPL)TURNUP
30aug88 15:26:34 #7 (OSMAN) RUN (SYS)OPER
30aug88 15:26:37 #7 (OSMAN) RUN (SYS)OPER
30aug88 15:27:41 #7 (OSMAN) RUN (SYS)TAKEIT
31aug88  2:58:56 #1 (OPER) RUN (SYS)DSKCLN
31aug88  2:59:04 #3 (OPER) RUN (SYS)COPYCR
31aug88  2:59:05 #3 (OPER) RUN (SYS)CRSHID
31aug88  2:59:06 #2 (OPER) RUN (SYS)CHKPNT
31aug88  2:59:07 #5 (OPER) RUN (SYS)KMCLOD
30aug88 17:03:13 #4 (PERPOPER) RUN (SYS)XEXEC
30aug88 17:03:15 #1 (PJ) RUN (PJ)PAM
30aug88 17:03:17 #5 (SRA) RUN (SRA)SYSDAT
30aug88 17:03:18 #6 (MAIL) RUN (MAIL)MAILER
30aug88 17:03:21 #7 (SRA) RUN (SRA)SYSDAT
30aug88 17:05:02 #6 (MAIL) RUN (MAIL)MAILER
30aug88 17:14:34 #6 (SSPAMBIN) RUN (SSPAMBIN)SETPSC
30aug88 18:05:02 #3 (MAIL) RUN (MAIL)MAILER
30aug88 19:05:02 #3 (MAIL) RUN (MAIL)MAILER
30aug88 20:05:02 #3 (MAIL) RUN (MAIL)MAILER
30aug88 21:05:02 #3 (MAIL) RUN (MAIL)MAILER
30aug88 22:05:02 #3 (MAIL) RUN (MAIL)MAILER
30aug88 23:05:02 #3 (MAIL) RUN (MAIL)MAILER
31aug88  0:01:11 #3 (PERPOPER) RUN (SYS)EXECX
31aug88  0:01:16 #6 (JMS) RUN (SYS)GFD
31aug88  0:01:19 #6 (JMS) RUN (SYS)GFD
31aug88  0:01:34 #6 (JMS) RUN (SYS)SZRPT
31aug88  0:02:16 #6 (JMS) RUN (SYS)SZRPT
31aug88  0:05:06 #6 (MAIL) RUN (MAIL)MAILER
31aug88  1:05:00 #3 (MAIL) RUN (MAIL)MAILER
31aug88  2:05:00 #3 (MAIL) RUN (MAIL)MAILER
31aug88  3:05:03 #3 (MAIL) RUN (MAIL)MAILER
31aug88  4:05:03 #3 (MAIL) RUN (MAIL)MAILER
31aug88  5:00:42 #3 (MAIL) RUN (MAIL)SMTP
31aug88  5:00:50 #3 (MAIL) RUN (SPL)FINDIT
31aug88  5:05:03 #3 (MAIL) RUN (MAIL)MAILER
31aug88  6:05:03 #3 (MAIL) RUN (MAIL)MAILER
31aug88  6:20:43 #3 (SSPAMBIN) RUN (SSPAMBIN)SETPSC
31aug88  7:05:03 #3 (MAIL) RUN (MAIL)MAILER
31aug88  7:30:12 #3 (PERPOPER) RUN (SYS)EXECX
31aug88  7:30:26 #6 (JMS) RUN (MPL)FNDBAD
31aug88  7:30:55 #6 (JMS) RUN (JMS)TECO
31aug88  7:31:00 #6 (JMS) RUN (MPL)TYPER
31aug88  7:31:00 #6 (JMS) RUN (SYS)TYPE
31aug88  8:05:01 #3 (MAIL) RUN (MAIL)MAILER
31aug88  9:05:01 #3 (MAIL) RUN (MAIL)MAILER
31aug88  9:20:10 #3 (PERPOPER) RUN (SYS)EXECX
31aug88  9:20:14 #6 (JMS) RUN (MPL)MHX
31aug88  9:21:03 #8 (JMS) RUN (MPL)TYPER
31aug88  9:21:04 #8 (JMS) RUN (SYS)TYPE
31aug88  9:30:33 #8 (JMS) RUN (MPL)TYPER
31aug88  9:30:34 #8 (JMS) RUN (SYS)TYPE
31aug88 10:05:03 #3 (MAIL) RUN (MAIL)MAILER
31aug88 10:37:01 #3 (BILLING10) RUN (SYS)AUXMOX
31aug88 11:05:03 #3 (MAIL) RUN (MAIL)MAILER
31aug88 11:14:17 #3 (JMS) RUN (MPL)TYPER
31aug88 11:14:17 #3 (JMS) RUN (SYS)TYPE
31aug88 12:05:03 #6 (MAIL) RUN (MAIL)MAILER
31aug88 12:55:12 #6 (JMS) RUN (SYS)AUXMOX
31aug88 13:05:03 #6 (MAIL) RUN (MAIL)MAILER
 1sep88  2:58:56 #1 (OPER) RUN (SYS)DSKCLN
 1sep88  2:59:41 #2 (OPER) RUN (SYS)CHKPNT
 1sep88  2:59:42 #3 (OPER) RUN (SYS)COPYCR
 1sep88  2:59:43 #3 (OPER) RUN (SYS)CRSHID
 1sep88  2:59:44 #5 (OPER) RUN (SYS)KMCLOD
31aug88 16:22:02 #4 (PERPOPER) RUN (SYS)XEXEC
31aug88 16:22:03 #1 (PJ) RUN (PJ)PAM
31aug88 16:22:05 #5 (SRA) RUN (SRA)SYSDAT
31aug88 16:22:06 #6 (MAIL) RUN (MAIL)MAILER
31aug88 16:22:12 #6 (SRA) RUN (SRA)SYSDAT
31aug88 16:36:55 #3 (OSMAN) RUN (SPL)TURNUP
31aug88 16:36:56 #3 (OSMAN) RUN (SYS)OPER
31aug88 16:37:00 #3 (OSMAN) RUN (XEXEC)MEXEC
31aug88 16:37:01 #3 (OSMAN) RUN (MPL)CTYLOG
31aug88 17:05:05 #3 (MAIL) RUN (MAIL)MAILER
31aug88 18:05:05 #3 (MAIL) RUN (MAIL)MAILER
31aug88 19:05:05 #3 (MAIL) RUN (MAIL)MAILER
31aug88 20:05:05 #3 (MAIL) RUN (MAIL)MAILER
31aug88 21:05:05 #3 (MAIL) RUN (MAIL)MAILER
31aug88 22:05:05 #3 (MAIL) RUN (MAIL)MAILER
31aug88 23:05:05 #3 (MAIL) RUN (MAIL)MAILER
 1sep88  0:00:14 #3 (PERPOPER) RUN (SYS)EXECX
 1sep88  0:00:18 #7 (NEW11) RUN (XEXEC)MINIT
 1sep88  0:00:18 #7 (NEW11) RUN (XEXEC)MEXEC
 1sep88  0:00:19 #7 (NEW11) RUN (XEXEC)RDIST
 1sep88  0:00:23 #8 (NEW11) RUN (SPL)FINDIT
 1sep88  0:00:55 #8 (NEW11) RUN (SPL)FINDIT
 1sep88  0:01:10 #9 (JMS) RUN (SYS)GFD
 1sep88  0:01:14 #9 (JMS) RUN (SYS)GFD
 1sep88  0:01:33 #9 (JMS) RUN (SYS)SZRPT
 1sep88  0:01:38 #7 (NEW11) RUN (XEXEC)MEXEC
 1sep88  0:01:39 #7 (NEW11) RUN (XEXEC)RDIST
 1sep88  0:01:46 #8 (NEW11) RUN (SPL)FINDIT
 1sep88  0:02:28 #9 (JMS) RUN (SYS)SZRPT
 1sep88  0:05:06 #9 (MAIL) RUN (MAIL)MAILER
 1sep88  0:12:11 #7 (NEW11) RUN (XEXEC)MEXEC
 1sep88  0:12:12 #7 (NEW11) RUN (XEXEC)RDIST
 1sep88  0:12:17 #8 (NEW11) RUN (SPL)FINDIT
 1sep88  0:12:52 #8 (NEW11) RUN (SPL)FINDIT
 1sep88  0:13:03 #7 (NEW11) RUN (SYS)TELECO
 1sep88  1:05:02 #3 (MAIL) RUN (MAIL)MAILER
 1sep88  2:05:02 #3 (MAIL) RUN (MAIL)MAILER
 1sep88  3:05:02 #3 (MAIL) RUN (MAIL)MAILER
 1sep88  4:05:02 #3 (MAIL) RUN (MAIL)MAILER
 1sep88  5:05:02 #3 (MAIL) RUN (MAIL)MAILER
 1sep88  6:05:02 #3 (MAIL) RUN (MAIL)MAILER
 1sep88  7:05:02 #3 (MAIL) RUN (MAIL)MAILER
 1sep88  7:30:11 #3 (PERPOPER) RUN (SYS)EXECX
 1sep88  7:30:26 #7 (JMS) RUN (MPL)FNDBAD
 1sep88  7:30:54 #7 (JMS) RUN (JMS)TECO
 1sep88  7:30:59 #7 (JMS) RUN (MPL)TYPER
 1sep88  7:31:00 #7 (JMS) RUN (SYS)TYPE
 1sep88  8:05:00 #3 (MAIL) RUN (MAIL)MAILER
 1sep88  9:05:05 #3 (MAIL) RUN (MAIL)MAILER
 1sep88  9:20:09 #3 (PERPOPER) RUN (SYS)EXECX
 1sep88  9:20:14 #7 (JMS) RUN (MPL)MHX
 1sep88  9:20:51 #8 (JMS) RUN (MPL)TYPER
 1sep88  9:20:52 #8 (JMS) RUN (SYS)TYPE
 1sep88 10:05:01 #3 (MAIL) RUN (MAIL)MAILER
 1sep88 11:05:01 #3 (MAIL) RUN (MAIL)MAILER
 1sep88 11:20:05 #3 (OSMAN) RUN (SPL)TURNUP
 1sep88 11:20:09 #3 (OSMAN) RUN (SYS)OPER
 1sep88 11:20:17 #3 (OSMAN) RUN (SYS)TITO
 1sep88 12:05:06 #3 (MAIL) RUN (MAIL)MAILER
 1sep88 13:05:01 #3 (MAIL) RUN (MAIL)MAILER
 1sep88 14:05:01 #3 (MAIL) RUN (MAIL)MAILER
 1sep88 15:05:06 #3 (MAIL) RUN (MAIL)MAILER
 1sep88 16:05:01 #3 (MAIL) RUN (MAIL)MAILER
 1sep88 17:05:01 #3 (MAIL) RUN (MAIL)MAILER
 1sep88 18:05:06 #3 (MAIL) RUN (MAIL)MAILER
 1sep88 19:05:01 #3 (MAIL) RUN (MAIL)MAILER
 1sep88 20:05:01 #3 (MAIL) RUN (MAIL)MAILER
 1sep88 21:05:06 #3 (MAIL) RUN (MAIL)MAILER
 1sep88 22:05:01 #3 (MAIL) RUN (MAIL)MAILER
 1sep88 23:05:01 #3 ) RUN (MAIL)MAILER
 2sep88  0:01:15 #3 (PERPOPER) RUN (SYS)EXECX
 2sep88  0:01:19 #7 (JMS) RUN (SYS)GFD
 2sep88  0:01:24 #7 (JMS) RUN (SYS)GFD
 2sep88  0:01:39 #7 (JMS) RUN (SYS)SZRPT
 2sep88  0:02:20 #7 (JMS) RUN (SYS)SZRPT
 2sep88  0:05:04 #7 (MAIL) RUN (MAIL)MAILER
 2sep88  1:05:04 #3 (MAIL) RUN (MAIL)MAILER
 2sep88  2:05:04 #3 (MAIL) RUN (MAIL)MAILER
 2sep88  3:05:02 #3 (MAIL) RUN (MAIL)MAILER
 2sep88  4:05:02 #3 (MAIL) RUN (MAIL)MAILER
 2sep88  5:05:02 #3 (MAIL) RUN (MAIL)MAILER
 2sep88  6:05:02 #3 (MAIL) RUN (MAIL)MAILER
 2sep88  7:05:02 #3 (MAIL) RUN (MAIL)MAILER
 2sep88  7:30:11 #3 (PERPOPER) RUN (SYS)EXECX
 2sep88  7:30:25 #7 (JMS) RUN (MPL)FNDBAD
 2sep88  7:30:54 #7 (JMS) RUN (JMS)TECO
 2sep88  7:30:58 #7 (JMS) RUN (MPL)TYPER
 2sep88  7:30:59 #7 (JMS) RUN (SYS)TYPE
 2sep88  8:05:05 #3 (MAIL) RUN (MAIL)MAILER
 3sep88  2:58:56 #1 (OPER) RUN (SYS)DSKCLN
 3sep88  2:59:41 #2 (OPER) RUN (SYS)CHKPNT
 3sep88  2:59:42 #3 (OPER) RUN (SYS)COPYCR
 3sep88  2:59:43 #3 (OPER) RUN (SYS)CRSHID
 3sep88  2:59:44 #5 (OPER) RUN (SYS)KMCLOD
 3sep88 13:52:37 #4 (PERPOPER) RUN (SYS)XEXEC
 3sep88 13:52:39 #1 (PJ) RUN (PJ)PAM
 3sep88 13:52:41 #5 (SRA) RUN (SRA)SYSDAT
 3sep88 13:52:42 #6 (MAIL) RUN (MAIL)MAILER
 3sep88 13:52:57 #6 (PERPOPER) RUN (SYS)EXECX
 3sep88 13:53:04 #7 (JMS) RUN (MPL)MHX
 3sep88 13:53:04 #8 (NEW11) RUN (XEXEC)MINIT
 3sep88 13:53:05 #8 (NEW11) RUN (XEXEC)MEXEC
 3sep88 13:53:06 #8 (NEW11) RUN (XEXEC)RDIST
 3sep88 13:53:11 #9 (NEW11) RUN (SPL)FINDIT
 3sep88 13:53:26 #10 (JMS) RUN (SYS)GFD
 3sep88 13:53:32 #10 (JMS) RUN (SYS)GFD
 3sep88 13:53:37 #12 (JMS) RUN (MPL)TYPER
 3sep88 13:53:42 #12 (JMS) RUN (SYS)TYPE
 3sep88 13:53:51 #11 (JMS) RUN (MPL)FNDBAD
 3sep88 13:54:11 #10 (JMS) RUN (SYS)SZRPT
 3sep88 13:54:25 #9 (NEW11) RUN (SPL)FINDIT
 3sep88 13:54:36 #11 (JMS) RUN (JMS)TECO
 3sep88 13:54:46 #11 (JMS) RUN (MPL)TYPER
 3sep88 13:54:48 #11 (JMS) RUN (SYS)TYPE
 3sep88 13:55:16 #10 (JMS) RUN (SYS)SZRPT
 3sep88 13:56:14 #8 (NEW11) RUN (XEXEC)MEXEC
 3sep88 13:56:15 #8 (NEW11) RUN (XEXEC)RDIST
 3sep88 13:56:22 #9 (NEW11) RUN (SPL)FINDIT
 3sep88 14:03:05 #9 (SSPAMBIN) RUN (SSPAMBIN)SETPSC
 3sep88 14:05:04 #3 (MAIL) RUN (MAIL)MAILER
 3sep88 14:06:58 #8 (NEW11) RUN (XEXEC)MEXEC
 3sep88 14:06:59 #8 (NEW11) RUN (XEXEC)RDIST
 3sep88 14:07:04 #3 (NEW11) RUN (SPL)FINDIT
 3sep88 14:07:48 #3 (NEW11) RUN (SPL)FINDIT
 3sep88 14:08:04 #8 (NEW11) RUN (SYS)TELECO
 3sep88 14:34:09 #3 (SSPAMBIN) RUN (SSPAMBIN)SETPSC
 3sep88 15:05:05 #3 (MAIL) RUN (MAIL)MAILER
 3sep88 16:05:05 #3 (MAIL) RUN (MAIL)MAILER
 3sep88 16:05:36 #3 (SSPAMBIN) RUN (SSPAMBIN)SETPSC
 3sep88 17:05:05 #3 (MAIL) RUN (MAIL)MAILER
 3sep88 18:05:05 #3 (MAIL) RUN (MAIL)MAILER
 3sep88 18:38:46 #3 (JMS) RUN (SYS)AUXMOX
 4sep88  2:58:56 #1 (OPER) RUN (SYS)DSKCLN
 4sep88  2:59:41 #2 (OPER) RUN (SYS)CHKPNT
 4sep88  2:59:42 #3 (OPER) RUN (SYS)COPYCR
 4sep88  2:59:43 #3 (OPER) RUN (SYS)CRSHID
 4sep88  2:59:44 #5 (OPER) RUN (SYS)KMCLOD
 3sep88 19:45:40 #4 (PERPOPER) RUN (SYS)XEXEC
 3sep88 19:45:42 #1 (PJ) RUN (PJ)PAM
 3sep88 19:45:43 #5 (SRA) RUN (SRA)SYSDAT
 3sep88 19:45:45 #6 (MAIL) RUN (MAIL)MAILER
 3sep88 20:05:03 #3 (MAIL) RUN (MAIL)MAILER
 3sep88 21:05:03 #3 (MAIL) RUN (MAIL)MAILER
 5sep88  2:58:56 #1 (OPER) RUN (SYS)DSKCLN
 5sep88  2:59:38 #2 (OPER) RUN (SYS)CHKPNT
 5sep88  2:59:39 #3 (OPER) RUN (SYS)COPYCR
 5sep88  2:59:41 #3 (OPER) RUN (SYS)CRSHID
 5sep88  2:59:41 #5 (OPER) RUN (SYS)KMCLOD
 6sep88 11:21:54 #4 (PERPOPER) RUN (SYS)XEXEC
 6sep88 11:21:56 #1 (PJ) RUN (PJ)PAM
 6sep88 11:21:58 #5 (SRA) RUN (SRA)SYSDAT
 6sep88 11:21:59 #6 (MAIL) RUN (MAIL)MAILER
 6sep88 11:22:15 #6 (PERPOPER) RUN (SYS)EXECX
 6sep88 11:22:23 #7 (JMS) RUN (SYS)GFD
 6sep88 11:22:29 #7 (JMS) RUN (SYS)GFD
 6sep88 11:22:30 #10 (JMS) RUN (MPL)MHX
 6sep88 11:22:46 #8 (JMS) RUN (MPL)FNDBAD
 6sep88 11:22:47 #12 (NEW11) RUN (XEXEC)MINIT
 6sep88 11:22:48 #12 (NEW11) RUN (XEXEC)MEXEC
 6sep88 11:22:49 #9 (JMS) RUN (SYS)OPER
 6sep88 11:22:50 #9 (JMS) RUN (SYS)GFD
 6sep88 11:22:50 #12 (NEW11) RUN (XEXEC)RDIST
 6sep88 11:23:02 #9 (JMS) RUN (XEXEC)MEXEC
 6sep88 11:23:04 #9 (JMS) RUN (XEXEC)TAIL
 6sep88 11:23:05 #13 (NEW11) RUN (SPL)FINDIT
 6sep88 11:23:12 #7 (JMS) RUN (SYS)SZRPT
 6sep88 11:23:20 #9 (JMS) RUN (SYS)GFD
 6sep88 11:23:28 #14 (SSPAMBIN) RUN (SSPAMBIN)SETPSC
 6sep88 11:23:40 #8 (JMS) RUN (JMS)TECO
 6sep88 11:23:44 #11 (JMS) RUN (MPL)TYPER
 6sep88 11:23:44 #9 (JMS) RUN (XEXEC)MEXEC
 6sep88 11:23:45 #9 (JMS) RUN (JMS)SED
 6sep88 11:23:49 #11 (JMS) RUN (SYS)TYPE
 6sep88 11:24:01 #8 (JMS) RUN (MPL)TYPER
 6sep88 11:24:02 #8 (JMS) RUN (SYS)TYPE
 6sep88 11:24:23 #7 (JMS) RUN (SYS)SZRPT
 6sep88 11:24:33 #8 (NEW11) RUN (SPL)FINDIT
 6sep88 11:25:31 #12 (NEW11) RUN (XEXEC)MEXEC
 6sep88 11:25:31 #12 (NEW11) RUN (XEXEC)RDIST
 6sep88 11:25:40 #8 (NEW11) RUN (SPL)FINDIT
 6sep88 11:27:26 #9 (JMS) RUN (SPL)TURNUP
 6sep88 11:28:39 #7 (JMS) RUN (XEXEC)MEXEC
 6sep88 11:28:47 #7 (JMS) RUN (XEXEC)CPY
 6sep88 11:29:01 #9 (JMS) RUN (SYS)TELECO
 6sep88 11:37:36 #3 (JMS) RUN (SPL)TURNUP
 6sep88 11:37:39 #3 (JMS) RUN (SYS)OPER
 6sep88 11:37:59 #3 (JMS) RUN (SYS)GFD
 6sep88 11:38:11 #3 (JMS) RUN (XEXEC)MEXEC
 6sep88 11:38:13 #3 (JMS) RUN (FTSYS)TITO
 6sep88 11:40:38 #12 (NEW11) RUN (XEXEC)MEXEC
 6sep88 11:40:39 #12 (NEW11) RUN (XEXEC)RDIST
 6sep88 11:40:47 #7 (NEW11) RUN (SPL)FINDIT
 6sep88 11:41:48 #7 (NEW11) RUN (SPL)FINDIT
 6sep88 11:42:06 #12 (NEW11) RUN (SYS)TELECO
 6sep88 11:46:59 #3 (JMS) RUN (XEXEC)MEXEC
 6sep88 11:47:01 #3 (JMS) RUN (XEXEC)LS
 6sep88 11:47:48 #3 (JMS) RUN (XEXEC)MEXEC
 6sep88 11:47:51 #3 (JMS) RUN (SYS)TTR
 6sep88 11:49:10 #3 (JMS) RUN (SYS)DIRECT
 6sep88 11:49:19 #3 (JMS) RUN (XEXEC)MEXEC
 6sep88 11:49:20 #3 (JMS) RUN (XEXEC)ROLAID
 6sep88 11:49:35 #3 (JMS) RUN (MPL)TYPER
 6sep88 11:49:35 #3 (JMS) RUN (SYS)TYPE
 6sep88 11:49:43 #3 (JMS) RUN (SYS)DIRECT
 6sep88 11:50:06 #3 (JMS) RUN (JMS)TECO
 6sep88 11:50:14 #3 (JMS) RUN (XEXEC)MEXEC
 6sep88 11:50:15 #3 (JMS) RUN (XEXEC)ROLAID
 6sep88 11:50:54 #3 (JMS) RUN (SYS)GFD
 6sep88 11:50:59 #3 (JMS) RUN (XEXEC)MEXEC
 6sep88 11:51:00 #3 (JMS) RUN (SPL)TELCHK
 6sep88 11:51:52 #3 (JMS) RUN (SYS)PCOM
 6sep88 11:52:00 #7 (JMS) RUN (MPL)FILDDT
 6sep88 11:52:38 #7 (JMS) RUN (MPL)FILDDT
 6sep88 11:53:56 #3 (JMS) RUN (XEXEC)MEXEC
 6sep88 11:53:57 #3 (JMS) RUN (XEXEC)ROLAID
 6sep88 11:55:10 #3 (SSPAMBIN) RUN (SSPAMBIN)SETPSC
 6sep88 11:58:19 #3 (JMS) RUN (SPL)TURNUP
 6sep88 11:58:33 #3 (JMS) RUN (XEXEC)MEXEC
 6sep88 11:58:35 #3 (JMS) RUN (XEXEC)CPY
 6sep88 11:58:38 #6 (JMS) RUN (SYS)TELECO
 6sep88 12:05:04 #3 (MAIL) RUN (MAIL)MAILER
 6sep88 12:57:14 #3 (SSPAMBIN) RUN (SSPAMBIN)SETPSC
 6sep88 13:05:03 #3 (MAIL) RUN (MAIL)MAILER
 6sep88 14:05:03 #3 (MAIL) RUN (MAIL)MAILER
 7sep88  2:58:56 #1 (OPER) RUN (SYS)DSKCLN
 7sep88  2:59:39 #2 (OPER) RUN (SYS)CHKPNT
 7sep88  2:59:40 #3 (OPER) RUN (SYS)COPYCR
 7sep88  2:59:41 #3 (OPER) RUN (SYS)CRSHID
 7sep88  2:59:42 #5 (OPER) RUN (SYS)KMCLOD
 7sep88 16:42:52 #4 (PERPOPER) RUN (SYS)XEXEC
 7sep88 16:42:54 #1 (PJ) RUN (PJ)PAM
 7sep88 16:42:57 #5 (SRA) RUN (SRA)SYSDAT
 7sep88 16:42:57 #6 (MAIL) RUN (MAIL)MAILER
 7sep88 16:43:13 #6 (PERPOPER) RUN (SYS)EXECX
 7sep88 16:43:20 #7 (NEW11) RUN (XEXEC)MINIT
 7sep88 16:43:20 #8 (JMS) RUN (SYS)GFD
 7sep88 16:43:20 #7 (NEW11) RUN (XEXEC)MEXEC
 7sep88 16:43:21 #7 (NEW11) RUN (XEXEC)RDIST
 7sep88 16:43:25 #8 (JMS) RUN (SYS)GFD
 7sep88 16:43:29 #9 (NEW11) RUN (SPL)FINDIT
 7sep88 16:43:40 #11 (JMS) RUN (MPL)MHX
 7sep88 16:43:53 #10 (JMS) RUN (MPL)FNDBAD
 7sep88 16:44:13 #8 (JMS) RUN (SYS)SZRPT
 7sep88 16:44:23 #12 (JMS) RUN (MPL)TYPER
 7sep88 16:44:26 #12 (JMS) RUN (SYS)TYPE
 7sep88 16:44:40 #10 (JMS) RUN (JMS)TECO
 7sep88 16:44:49 #10 (JMS) RUN (MPL)TYPER
 7sep88 16:44:50 #10 (JMS) RUN (SYS)TYPE
 7sep88 16:44:58 #9 (NEW11) RUN (SPL)FINDIT
 7sep88 16:45:24 #8 (JMS) RUN (SYS)SZRPT
 7sep88 16:46:42 #9 (SSPAMBIN) RUN (SSPAMBIN)SETPSC
 7sep88 16:47:08 #7 (NEW11) RUN (XEXEC)MEXEC
 7sep88 16:47:09 #7 (NEW11) RUN (XEXEC)RDIST
 7sep88 16:47:14 #8 (NEW11) RUN (SPL)FINDIT
 7sep88 16:57:49 #7 (NEW11) RUN (XEXEC)MEXEC
 7sep88 16:57:49 #7 (NEW11) RUN (XEXEC)RDIST
 7sep88 16:57:55 #3 (NEW11) RUN (SPL)FINDIT
 7sep88 16:58:52 #3 (NEW11) RUN (SPL)FINDIT
 7sep88 16:59:07 #7 (NEW11) RUN (SYS)TELECO
 7sep88 17:05:05 #3 (MAIL) RUN (MAIL)MAILER
 7sep88 18:05:05 #3 (MAIL) RUN (MAIL)MAILER
 7sep88 18:48:23 #3 (SSPAMBIN) RUN (SSPAMBIN)SETPSC
 7sep88 19:05:05 #3 (MAIL) RUN (MAIL)MAILER
 7sep88 19:29:10 #3 (JMS) RUN (SPL)TURNUP
 7sep88 19:29:46 #3 (JMS) RUN (SYS)GFD
 7sep88 19:29:48 #3 (JMS) RUN (SYS)OPER
 7sep88 19:29:59 #3 (JMS) RUN (MPL)TYPER
 7sep88 19:30:00 #3 (JMS) RUN (SYS)TYPE
 7sep88 19:30:44 #3 (JMS) RUN (MPL)TYPER
 7sep88 19:30:45 #3 (JMS) RUN (SYS)TYPE
 7sep88 19:31:28 #3 (JMS) RUN (MPL)TYPER
 7sep88 19:31:28 #3 (JMS) RUN (SYS)TYPE
 7sep88 20:05:05 #6 (MAIL) RUN (MAIL)MAILER
 7sep88 21:05:05 #6 (MAIL) RUN (MAIL)MAILER
 7sep88 21:42:32 #3 (SRA) RUN (SRA)SYSDAT
 7sep88 22:05:05 #6 (MAIL) RUN (MAIL)MAILER
 7sep88 23:05:05 #6 (MAIL) RUN (MAIL)MAILER
 7sep88 23:31:20 #6 (CARL) RUN (SYS)OPER
 8sep88  0:01:14 #6 (PERPOPER) RUN (SYS)EXECX
 8sep88  0:01:18 #7 (JMS) RUN (SYS)GFD
 8sep88  0:01:22 #7 (JMS) RUN (SYS)GFD
 8sep88  0:01:36 #7 (JMS) RUN (SYS)SZRPT
 8sep88  0:02:17 #7 (JMS) RUN (SYS)SZRPT
 8sep88  0:05:03 #7 (MAIL) RUN (MAIL)MAILER
 8sep88  0:15:00 #7 (CARL) RUN (SYS)OPER
 8sep88  0:15:11 #7 (CARL) RUN (SYS)NEWRPG
 8sep88  0:15:28 #7 (CARL) RUN (SYS)TSTSUP
 8sep88  1:05:03 #5 (MAIL) RUN (MAIL)MAILER
 8sep88  1:07:29 #5 (SSPAMBIN) RUN (SSPAMBIN)SETPSC
 8sep88  2:05:03 #5 (MAIL) RUN (MAIL)MAILER
 8sep88  3:05:04 #5 (MAIL) RUN (MAIL)MAILER
 8sep88  4:05:04 #5 (MAIL) RUN (MAIL)MAILER
 8sep88  5:05:04 #5 (MAIL) RUN (MAIL)MAILER
 8sep88  5:11:05 #5 (SSPAMBIN) RUN (SSPAMBIN)SETPSC
 8sep88  6:05:04 #5 (MAIL) RUN (MAIL)MAILER
 8sep88  7:05:04 #5 (MAIL) RUN (MAIL)MAILER
 8sep88  7:13:11 #5 (SSPAMBIN) RUN (SSPAMBIN)SETPSC
 8sep88  7:30:13 #5 (PERPOPER) RUN (SYS)EXECX
 8sep88  7:30:27 #6 (JMS) RUN (MPL)FNDBAD
 8sep88  7:30:55 #6 (JMS) RUN (JMS)TECO
 8sep88  7:30:59 #6 (JMS) RUN (MPL)TYPER
 8sep88  7:31:00 #6 (JMS) RUN (SYS)TYPE
 8sep88  8:05:02 #5 (MAIL) RUN (MAIL)MAILER
 8sep88  8:29:51 #5 (SSPAMBIN) RUN (SSPAMBIN)SETPSC
 8sep88  9:00:24 #5 (JMS) RUN (MPL)TYPER
 8sep88  9:00:25 #5 (JMS) RUN (SYS)TYPE
 8sep88  9:05:02 #5 (MAIL) RUN (MAIL)MAILER
 8sep88  9:16:00 #5 (SSPAMBIN) RUN (SSPAMBIN)SETPSC
 8sep88  9:20:15 #5 (PERPOPER) RUN (SYS)EXECX
 8sep88  9:20:22 #6 (JMS) RUN (MPL)MHX
 8sep88  9:20:40 #7 (JMS) RUN (MPL)TYPER
 8sep88  9:20:41 #7 (JMS) RUN (SYS)TYPE
 8sep88  9:30:44 #7 (JMS) RUN (MPL)TYPER
 8sep88  9:30:44 #7 (JMS) RUN (SYS)TYPE
 8sep88 10:05:05 #5 (MAIL) RUN (MAIL)MAILER
 9sep88  2:58:56 #1 (OPER) RUN (SYS)DSKCLN
 9sep88  2:59:41 #2 (OPER) RUN (SYS)CHKPNT
 9sep88  2:59:42 #3 (OPER) RUN (SYS)COPYCR
 9sep88  2:59:43 #3 (OPER) RUN (SYS)CRSHID
 9sep88  2:59:44 #5 (OPER) RUN (SYS)KMCLOD
 8sep88 14:20:47 #4 (PERPOPER) RUN (SYS)XEXEC
 8sep88 14:20:49 #1 (PJ) RUN (PJ)PAM
 8sep88 14:20:51 #5 (SRA) RUN (SRA)SYSDAT
 8sep88 14:20:53 #6 (MAIL) RUN (MAIL)MAILER
 8sep88 14:35:19 #3 (JMS) RUN (XEXEC)MEXEC
 8sep88 14:35:20 #3 (JMS) RUN (JMS)SETPDT
 8sep88 14:35:20 #3 (JMS) RUN (XEXEC)MEXEC
 8sep88 14:35:21 #3 (JMS) RUN (XEXEC)FINDIT
 8sep88 14:42:48 #3 (JMS) RUN (SYS)GFD
 8sep88 14:43:00 #3 (JMS) RUN (MPL)TYPER
 8sep88 14:43:01 #3 (JMS) RUN (SYS)TYPE
 8sep88 14:44:22 #3 (JMS) RUN (SYS)OPER
 8sep88 14:45:40 #3 (JMS) RUN (XEXEC)MEXEC
 8sep88 14:45:41 #3 (JMS) RUN (JMS)SED
 8sep88 14:46:47 #3 (JMS) RUN (MPL)TYPER
 8sep88 14:46:48 #3 (JMS) RUN (SYS)TYPE
 8sep88 14:46:59 #3 (JMS) RUN (MPL)TYPER
 8sep88 14:46:59 #3 (JMS) RUN (SYS)TYPE
 8sep88 14:47:43 #3 (JMS) RUN (MPL)TYPER
 8sep88 14:47:44 #3 (JMS) RUN (SYS)TYPE
 8sep88 14:47:52 #3 (JMS) RUN (MPL)TYPER
 8sep88 14:47:53 #3 (JMS) RUN (SYS)TYPE
 8sep88 14:47:56 #3 (JMS) RUN (MPL)TYPER
 8sep88 14:47:57 #3 (JMS) RUN (SYS)TYPE
 8sep88 14:48:08 #3 (JMS) RUN (MPL)TYPER
 8sep88 14:48:09 #3 (JMS) RUN (SYS)TYPE
 8sep88 14:48:11 #3 (JMS) RUN (MPL)TYPER
 8sep88 14:48:12 #3 (JMS) RUN (SYS)TYPE
 8sep88 14:51:44 #3 (JMS) RUN (MPL)TYPER
 8sep88 14:51:45 #3 (JMS) RUN (SYS)TYPE
 8sep88 14:54:03 #3 (JMS) RUN (XEXEC)MEXEC
 8sep88 14:54:04 #3 (JMS) RUN (JMS)SED
 8sep88 14:55:17 #3 (JMS) RUN (MPL)TYPER
 8sep88 14:55:18 #3 (JMS) RUN (SYS)TYPE
 8sep88 14:55:31 #3 (JMS) RUN (XEXEC)MEXEC
 8sep88 14:55:32 #3 (JMS) RUN (SPL)TELCHK
 8sep88 14:55:39 #3 (JMS) RUN (SYS)UNDELE
 8sep88 14:56:06 #3 (JMS) RUN (SYS)PCOM
 8sep88 14:56:07 #6 (JMS) RUN (SYS)PCOM
 8sep88 14:56:10 #7 (JMS) RUN (SYS)PCOM
 8sep88 14:56:10 #3 (JMS) RUN (SYS)PEECOM
 8sep88 14:56:12 #8 (JMS) RUN (MAIL)RDIST
 8sep88 14:56:31 #3 (JMS) RUN (JMS)TECO
 8sep88 14:56:37 #3 (JMS) RUN (XEXEC)MEXEC
 8sep88 14:56:38 #3 (JMS) RUN (JMS)SED
 8sep88 14:58:50 #3 (JMS) RUN (SYS)UNDELE
 8sep88 14:59:29 #3 (JMS) RUN (SYS)GFD
 8sep88 15:00:00 #3 (JMS) RUN (SYS)GFD
 8sep88 15:01:39 #6 (CARL) RUN (SYS)AUXMOX
 8sep88 15:05:05 #6 (MAIL) RUN (MAIL)MAILER
 8sep88 15:09:05 #3 (JMS) RUN (CARL)SYSDAT
 8sep88 15:09:20 #3 (JMS) RUN (SYS)GFD
 8sep88 15:09:45 #3 (JMS) RUN (XEXEC)MEXEC
 8sep88 15:09:46 #3 (JMS) RUN (JMS)SED
 8sep88 15:11:06 #3 (JMS) RUN (SYS)UNDELE
 8sep88 15:11:12 #3 (JMS) RUN (SYS)PCOM
 8sep88 15:11:13 #6 (JMS) RUN (SYS)PCOM
 8sep88 15:11:16 #8 (JMS) RUN (XEXEC)MINIT
 8sep88 15:11:16 #3 (JMS) RUN (SYS)PEECOM
 8sep88 15:11:16 #8 (JMS) RUN (XEXEC)MEXEC
 8sep88 15:11:18 #8 (JMS) RUN (XEXEC)RDIST
 8sep88 15:11:26 #9 (JMS) RUN (SPL)FINDIT
 8sep88 15:11:33 #8 (JMS) RUN (SYS)SENDMA
 8sep88 15:11:35 #8 (JMS) RUN (MAIL)SENDMA
 8sep88 15:11:38 #3 (JMS) RUN (SYS)PCOM
 8sep88 15:11:40 #6 (JMS) RUN (SYS)PCOM
 8sep88 15:11:45 #3 (JMS) RUN (SYS)PEECOM
 8sep88 15:11:45 #10 (JMS) RUN (SYS)PCOM
 8sep88 15:11:49 #11 (JMS) RUN (MAIL)RDIST
 8sep88 15:12:02 #12 (JMS) RUN (SPL)FINDIT
 8sep88 15:28:36 #10 (JMS) RUN (SYS)PCOM
 8sep88 15:28:38 #9 (JMS) RUN (MAIL)RDIST
 8sep88 15:28:49 #11 (JMS) RUN (SPL)FINDIT
 8sep88 15:45:13 #3 (JMS) RUN (MPL)TYPER
 8sep88 15:45:15 #3 (JMS) RUN (SYS)TYPE
 8sep88 15:45:51 #3 (JMS) RUN (XEXEC)MEXEC
 8sep88 15:45:52 #3 (JMS) RUN (JMS)SED
 8sep88 15:50:39 #3 (JMS) RUN (JMS)TECO
 8sep88 15:51:37 #3 (JMS) RUN (XEXEC)MEXEC
 8sep88 15:51:38 #3 (JMS) RUN (XEXEC)ROLAID
 8sep88 15:54:35 #3 (JMS) RUN (SYS)GFD
 8sep88 15:55:10 #3 (JMS) RUN (XEXEC)MEXEC
 8sep88 15:55:15 #3 (JMS) RUN (XEXEC)CPY
 8sep88 15:55:25 #13 (JMS) RUN (SYS)TELECO
 8sep88 15:56:13 #3 (JMS) RUN (XEXEC)MEXEC
 8sep88 15:56:18 #3 (JMS) RUN (XEXEC)CPY
 8sep88 15:56:24 #14 (JMS) RUN (SYS)TELECO
 8sep88 16:05:02 #15 (MAIL) RUN (MAIL)MAILER
 8sep88 16:23:34 #10 (JMS) RUN (SYS)PCOM
 8sep88 16:23:36 #9 (JMS) RUN (MAIL)RDIST
 8sep88 16:23:47 #13 (JMS) RUN (SPL)FINDIT
 8sep88 16:27:14 #9 (JMS) RUN (MAIL)RDIST
 8sep88 16:27:26 #14 (JMS) RUN (SPL)FINDIT
 8sep88 16:28:08 #10 (JMS) RUN (SYS)PCOM
 8sep88 16:28:10 #9 (JMS) RUN (MAIL)RDIST
 8sep88 16:28:23 #15 (JMS) RUN (SPL)FINDIT
 8sep88 16:44:52 #3 (JMS) RUN (XEXEC)MEXEC
 8sep88 16:44:53 #3 (JMS) RUN (SPL)TELCHK
 8sep88 16:48:17 #3 (JMS) RUN (SYS)GFD
 8sep88 16:48:21 #3 (JMS) RUN (SYS)GFD
 8sep88 16:48:29 #3 (JMS) RUN (XEXEC)MEXEC
 8sep88 16:48:32 #3 (JMS) RUN (XEXEC)CPY
 8sep88 16:48:35 #6 (JMS) RUN (SYS)TELECO
 8sep88 16:49:07 #3 (JMS) RUN (SYS)GFD
 8sep88 16:49:29 #3 (JMS) RUN (MPL)TYPER
 8sep88 16:49:30 #3 (JMS) RUN (SYS)TYPE
 8sep88 16:50:20 #3 (JMS) RUN (XEXEC)MEXEC
 8sep88 16:50:21 #3 (JMS) RUN (JMS)SED
 8sep88 16:54:23 #3 (JMS) RUN (JMS)TECO
 8sep88 16:55:00 #3 (JMS) RUN (MPL)TYPER
 8sep88 16:55:01 #3 (JMS) RUN (SYS)TYPE
 8sep88 17:03:36 #3 (JMS) RUN (MPL)TYPER
 8sep88 17:03:37 #3 (JMS) RUN (SYS)TYPE
 8sep88 17:03:59 #3 (JMS) RUN (MPL)TYPER
 8sep88 17:04:00 #3 (JMS) RUN (SYS)TYPE
 8sep88 17:05:04 #9 (MAIL) RUN (MAIL)MAILER
 8sep88 17:07:46 #3 (JMS) RUN (JMS)TECO
 8sep88 17:09:33 #3 (JMS) RUN (MPL)TYPER
 8sep88 17:09:34 #3 (JMS) RUN (SYS)TYPE
 8sep88 17:09:51 #3 (JMS) RUN (JMS)TECO
 8sep88 17:12:50 #3 (JMS) RUN (JMS)TECO
 8sep88 17:13:32 #3 (JMS) RUN (MPL)TYPER
 8sep88 17:13:33 #3 (JMS) RUN (SYS)TYPE
 8sep88 17:14:02 #3 (JMS) RUN (XEXEC)MEXEC
 8sep88 17:14:03 #3 (JMS) RUN (JMS)SED
 8sep88 17:14:42 #3 (JMS) RUN (XEXEC)MEXEC
 8sep88 17:14:42 #3 (JMS) RUN (XEXEC)ROLAID
 8sep88 17:14:56 #3 (JMS) RUN (XEXEC)MEXEC
 8sep88 17:14:57 #3 (JMS) RUN (JMS)SED
 8sep88 17:15:32 #3 (JMS) RUN (XEXEC)MEXEC
 8sep88 17:15:32 #3 (JMS) RUN (XEXEC)ROLAID
 8sep88 17:19:32 #3 (JMS) RUN (SYS)GFD
 8sep88 17:19:45 #3 (JMS) RUN (XEXEC)MEXEC
 8sep88 17:19:48 #3 (JMS) RUN (XEXEC)CPY
 8sep88 17:19:52 #6 (JMS) RUN (SYS)TELECO
 8sep88 17:28:08 #3 (JMS) RUN (SYS)GFD
 8sep88 17:28:37 #3 (JMS) RUN (XEXEC)MEXEC
 8sep88 17:28:38 #3 (JMS) RUN (XEXEC)LS
 8sep88 17:28:47 #3 (JMS) RUN (SYS)UNDELE
 8sep88 17:28:49 #3 (JMS) RUN (XEXEC)MEXEC
 8sep88 17:28:50 #3 (JMS) RUN (XEXEC)LS
 8sep88 17:29:30 #3 (JMS) RUN (SYS)UNDELE
 8sep88 17:29:32 #3 (JMS) RUN (XEXEC)MEXEC
 8sep88 17:29:33 #3 (JMS) RUN (XEXEC)LS
 8sep88 17:30:03 #3 (JMS) RUN (SYS)GFD
 8sep88 17:41:36 #3 (JMS) RUN (XEXEC)MEXEC
 8sep88 17:41:37 #3 (JMS) RUN (SPL)SNARF
 8sep88 17:41:59 #3 (JMS) RUN (SYS)OPER
 8sep88 17:42:15 #3 (JMS) RUN (XEXEC)MEXEC
 8sep88 17:42:16 #3 (JMS) RUN (XEXEC)HSB
 8sep88 17:43:14 #3 (JMS) RUN (XEXEC)MEXEC
 8sep88 17:43:15 #3 (JMS) RUN (XEXEC)FINDIT
 8sep88 17:43:30 #3 (JMS) RUN (XEXEC)MEXEC
 8sep88 17:43:31 #3 (JMS) RUN (XEXEC)FINDIT
 8sep88 17:43:49 #3 (JMS) RUN (SYS)GFD
 8sep88 17:53:43 #5 (SRA) RUN (SYS)OPER
 8sep88 17:54:28 #5 (SRA) RUN (SYS)OPER
 8sep88 17:54:50 #5 (SRA) RUN (SRA)SYSDAT
 8sep88 17:56:06 #6 (JMS) RUN (XEXEC)MEXEC
 8sep88 17:56:07 #6 (JMS) RUN (SPL)SNARF
 8sep88 17:56:25 #3 (JMS) RUN (SYS)GFD
 8sep88 17:56:34 #3 (JMS) RUN (XEXEC)MEXEC
 8sep88 17:56:35 #3 (JMS) RUN (XEXEC)TAIL
 8sep88 17:56:51 #3 (JMS) RUN (XEXEC)MEXEC
 8sep88 17:56:51 #3 (JMS) RUN (XEXEC)TAIL
 8sep88 17:56:57 #3 (JMS) RUN (XEXEC)MEXEC
 8sep88 17:56:58 #3 (JMS) RUN (XEXEC)WHEREI
 8sep88 17:57:06 #3 (JMS) RUN (MPL)TYPER
 8sep88 17:57:06 #3 (JMS) RUN (SYS)TYPE
 8sep88 17:57:45 #3 (JMS) RUN (XEXEC)MEXEC
 8sep88 17:57:46 #3 (JMS) RUN (XEXEC)TAIL
 8sep88 17:58:12 #3 (JMS) RUN (SYS)GFD
 8sep88 18:05:05 #6 (MAIL) RUN (MAIL)MAILER
 8sep88 18:23:31 #3 (JMS) RUN (XEXEC)MEXEC
 8sep88 18:23:32 #3 (JMS) RUN (SPL)TELCHK
 8sep88 18:24:37 #3 (JMS) RUN (XEXEC)MEXEC
 8sep88 18:24:40 #3 (JMS) RUN (XEXEC)CPY
 8sep88 18:24:44 #6 (JMS) RUN (SYS)TELECO
 8sep88 19:05:03 #7 (MAIL) RUN (MAIL)MAILER
 8sep88 20:05:02 #6 (MAIL) RUN (MAIL)MAILER
 8sep88 20:05:04 #3 (JMS) RUN (XEXEC)MEXEC
 8sep88 20:05:05 #3 (JMS) RUN (SPL)TELCHK
 8sep88 21:05:04 #3 (MAIL) RUN (MAIL)MAILER
 8sep88 22:05:04 #3 (MAIL) RUN (MAIL)MAILER
 8sep88 23:05:04 #3 (MAIL) RUN (MAIL)MAILER
 9sep88  0:00:13 #3 (PERPOPER) RUN (SYS)EXECX
 9sep88  0:00:17 #6 (NEW11) RUN (XEXEC)MINIT
 9sep88  0:00:18 #6 (NEW11) RUN (XEXEC)MEXEC
 9sep88  0:00:18 #6 (NEW11) RUN (XEXEC)RDIST
 9sep88  0:00:23 #7 (NEW11) RUN (SPL)FINDIT
 9sep88  0:00:54 #7 (NEW11) RUN (SPL)FINDIT
 9sep88  0:01:09 #8 (JMS) RUN (SYS)GFD
 9sep88  0:01:15 #8 (JMS) RUN (SYS)GFD
 9sep88  0:01:34 #8 (JMS) RUN (SYS)SZRPT
 9sep88  0:01:50 #6 (NEW11) RUN (XEXEC)MEXEC
 9sep88  0:01:51 #6 (NEW11) RUN (XEXEC)RDIST
 9sep88  0:01:59 #7 (NEW11) RUN (SPL)FINDIT
 9sep88  0:02:27 #8 (JMS) RUN (SYS)SZRPT
 9sep88  0:05:04 #8 (MAIL) RUN (MAIL)MAILER
 9sep88  0:12:28 #6 (NEW11) RUN (XEXEC)MEXEC
 9sep88  0:12:29 #6 (NEW11) RUN (XEXEC)RDIST
 9sep88  0:12:35 #7 (NEW11) RUN (SPL)FINDIT
 9sep88  0:13:18 #7 (NEW11) RUN (SPL)FINDIT
 9sep88  0:13:30 #6 (NEW11) RUN (SYS)TELECO
 9sep88  1:05:02 #3 (MAIL) RUN (MAIL)MAILER
 9sep88  1:58:32 #3 (SSPAMBIN) RUN (SSPAMBIN)SETPSC
 9sep88  2:05:02 #3 (MAIL) RUN (MAIL)MAILER
 9sep88  3:05:06 #3 (MAIL) RUN (MAIL)MAILER
 9sep88  4:05:01 #3 (MAIL) RUN (MAIL)MAILER
 9sep88  5:05:01 #3 (MAIL) RUN (MAIL)MAILER
 9sep88  6:05:06 #3 (MAIL) RUN (MAIL)MAILER
 9sep88  7:05:01 #3 (MAIL) RUN (MAIL)MAILER
 9sep88  7:30:15 #3 (PERPOPER) RUN (SYS)EXECX
 9sep88  7:30:30 #6 (JMS) RUN (MPL)FNDBAD
 9sep88  7:31:00 #6 (JMS) RUN (JMS)TECO
 9sep88  7:31:04 #6 (JMS) RUN (MPL)TYPER
 9sep88  7:31:05 #6 (JMS) RUN (SYS)TYPE
 9sep88  8:05:04 #3 (MAIL) RUN (MAIL)MAILER
 9sep88  9:00:17 #3 (JMS) RUN (MPL)TYPER
 9sep88  9:00:17 #3 (JMS) RUN (SYS)TYPE
 9sep88  9:05:04 #3 (MAIL) RUN (MAIL)MAILER
 9sep88  9:20:12 #3 (PERPOPER) RUN (SYS)EXECX
 9sep88  9:20:16 #6 (JMS) RUN (MPL)MHX
 9sep88  9:20:28 #7 (JMS) RUN (MPL)TYPER
 9sep88  9:20:29 #7 (JMS) RUN (SYS)TYPE
 9sep88  9:30:54 #7 (JMS) RUN (MPL)TYPER
 9sep88  9:30:55 #7 (JMS) RUN (SYS)TYPE
 9sep88 10:05:05 #3 (MAIL) RUN (MAIL)MAILER
 9sep88 10:49:40 #3 (SSPAMBIN) RUN (SSPAMBIN)SETPSC
 9sep88 11:05:05 #3 (MAIL) RUN (MAIL)MAILER
 9sep88 11:06:29 #3 (SSPAMBIN) RUN (SSPAMBIN)SETPSC
 9sep88 11:19:45 #3 (JMS) RUN (SYS)OPER
 9sep88 11:19:47 #3 (JMS) RUN (CARL)SYSDAT
 9sep88 11:32:38 #3 (M33) RUN (XEXEC)MINIT
 9sep88 11:32:39 #3 (M33) RUN (SYS)AUXMOX
 9sep88 12:05:05 #3 (MAIL) RUN (MAIL)MAILER
 9sep88 12:08:04 #3 (SSPAMBIN) RUN (SSPAMBIN)SETPSC
 9sep88 12:15:51 #3 (JMS) RUN (SPL)TURNUP
 9sep88 12:16:03 #3 (JMS) RUN (SYS)GFD
 9sep88 12:16:06 #3 (JMS) RUN (SYS)GFD
 9sep88 12:16:28 #3 (JMS) RUN (MPL)TYPER
 9sep88 12:16:29 #3 (JMS) RUN (SYS)TYPE
 9sep88 13:05:05 #6 (MAIL) RUN (MAIL)MAILER
 9sep88 13:09:41 #6 (SSPAMBIN) RUN (SSPAMBIN)SETPSC
 9sep88 14:05:05 #6 (MAIL) RUN (MAIL)MAILER
 9sep88 14:11:09 #6 (SSPAMBIN) RUN (SSPAMBIN)SETPSC
 9sep88 15:05:05 #6 (MAIL) RUN (MAIL)MAILER
 9sep88 15:42:48 #6 (SSPAMBIN) RUN (SSPAMBIN)SETPSC
 9sep88 16:05:05 #6 (MAIL) RUN (MAIL)MAILER
 9sep88 17:05:05 #6 (MAIL) RUN (MAIL)MAILER
 9sep88 17:31:04 #6 (CARL) RUN (SYS)AUXMOX
 9sep88 17:52:50 #6 (JMS) RUN (XEXEC)MEXEC
 9sep88 17:52:51 #6 (JMS) RUN (JMS)SETPDT
 9sep88 17:52:51 #6 (JMS) RUN (XEXEC)MEXEC
 9sep88 17:52:52 #6 (JMS) RUN (XEXEC)FINDIT
 9sep88 18:05:05 #6 (MAIL) RUN (MAIL)MAILER
 9sep88 18:28:35 #6 (CARL) RUN (SYS)AUXMOX
 9sep88 18:53:03 #3 (JMS) RUN (SYS)GFD
 9sep88 19:05:05 #6 (MAIL) RUN (MAIL)MAILER
 9sep88 20:05:05 #3 (MAIL) RUN (MAIL)MAILER
 9sep88 21:05:05 #3 (MAIL) RUN (MAIL)MAILER
 9sep88 22:05:05 #3 (MAIL) RUN (MAIL)MAILER
 9sep88 23:05:05 #3 (MAIL) RUN (MAIL)MAILER
10sep88  0:01:14 #3 (PERPOPER) RUN (SYS)EXECX
10sep88  0:01:18 #6 (JMS) RUN (SYS)GFD
10sep88  0:01:22 #6 (JMS) RUN (SYS)GFD
10sep88  0:01:36 #6 (JMS) RUN (SYS)SZRPT
10sep88  0:02:17 #6 (JMS) RUN (SYS)SZRPT
10sep88  0:05:03 #6 (MAIL) RUN (MAIL)MAILER
10sep88  1:05:03 #3 (MAIL) RUN (MAIL)MAILER
10sep88  2:05:03 #3 (MAIL) RUN (MAIL)MAILER
10sep88  3:05:03 #3 (MAIL) RUN (MAIL)MAILER
10sep88  4:05:03 #3 (MAIL) RUN (MAIL)MAILER
10sep88  5:05:03 #3 (MAIL) RUN (MAIL)MAILER
10sep88  6:05:03 #3 (MAIL) RUN (MAIL)MAILER
10sep88  7:05:03 #3 (MAIL) RUN (MAIL)MAILER
10sep88  7:30:12 #3 (PERPOPER) RUN (SYS)EXECX
10sep88  7:30:26 #6 (JMS) RUN (MPL)FNDBAD
10sep88  7:30:55 #6 (JMS) RUN (JMS)TECO
10sep88  7:30:59 #6 (JMS) RUN (MPL)TYPER
10sep88  7:31:00 #6 (JMS) RUN (SYS)TYPE
10sep88  8:05:01 #3 (MAIL) RUN (MAIL)MAILER
10sep88  9:00:52 #3 (JMS) RUN (MPL)TYPER
10sep88  9:00:52 #3 (JMS) RUN (SYS)TYPE
10sep88  9:05:01 #3 (MAIL) RUN (MAIL)MAILER
10sep88  9:20:10 #3 (PERPOPER) RUN (SYS)EXECX
10sep88  9:20:15 #6 (JMS) RUN (MPL)MHX
10sep88  9:20:49 #7 (JMS) RUN (MPL)TYPER
10sep88  9:20:50 #7 (JMS) RUN (SYS)TYPE
10sep88  9:30:57 #7 (JMS) RUN (MPL)TYPER
10sep88  9:30:58 #7 (JMS) RUN (SYS)TYPE
10sep88 10:05:03 #3 (MAIL) RUN (MAIL)MAILER
10sep88 11:05:03 #3 (MAIL) RUN (MAIL)MAILER
10sep88 12:05:03 #3 (MAIL) RUN (MAIL)MAILER
10sep88 13:05:03 #3 (MAIL) RUN (MAIL)MAILER
10sep88 14:05:03 #3 (MAIL) RUN (MAIL)MAILER
10sep88 15:05:03 #3 (MAIL) RUN (MAIL)MAILER
10sep88 16:05:03 #3 (MAIL) RUN (MAIL)MAILER
10sep88 17:05:03 #3 (MAIL) RUN (MAIL)MAILER
10sep88 18:05:03 #3 (MAIL) RUN (MAIL)MAILER
10sep88 19:05:03 #3 (MAIL) RUN (MAIL)MAILER
10sep88 20:05:03 #3 (MAIL) RUN (MAIL)MAILER
10sep88 20:49:28 #3 (SSPAMBIN) RUN (SSPAMBIN)SETPSC
10sep88 21:05:04 #3 (MAIL) RUN (MAIL)MAILER
10sep88 22:05:03 #3 (MAIL) RUN (MAIL)MAILER
10sep88 23:05:03 #3 (MAIL) RUN (MAIL)MAILER
11sep88  0:00:12 #3 (PERPOPER) RUN (SYS)EXECX
11sep88  0:00:22 #6 (NEW11) RUN (XEXEC)MINIT
11sep88  0:00:22 #6 (NEW11) RUN (XEXEC)MEXEC
11sep88  0:00:23 #6 (NEW11) RUN (XEXEC)RDIST
11sep88  0:00:28 #7 (NEW11) RUN (SPL)FINDIT
11sep88  0:00:59 #7 (NEW11) RUN (SPL)FINDIT
11sep88  0:01:13 #8 (JMS) RUN (SYS)GFD
11sep88  0:01:17 #8 (JMS) RUN (SYS)GFD
11sep88  0:01:37 #8 (JMS) RUN (SYS)SZRPT
11sep88  0:01:55 #6 (NEW11) RUN (XEXEC)MEXEC
11sep88  0:01:56 #6 (NEW11) RUN (XEXEC)RDIST
11sep88  0:02:03 #7 (NEW11) RUN (SPL)FINDIT
11sep88  0:02:31 #8 (JMS) RUN (SYS)SZRPT
11sep88  0:05:07 #8 (MAIL) RUN (MAIL)MAILER
11sep88  0:12:35 #6 (NEW11) RUN (XEXEC)MEXEC
11sep88  0:12:36 #6 (NEW11) RUN (XEXEC)RDIST
11sep88  0:12:42 #7 (NEW11) RUN (SPL)FINDIT
11sep88  0:13:24 #7 (NEW11) RUN (SPL)FINDIT
11sep88  0:13:35 #6 (NEW11) RUN (SYS)TELECO
11sep88  1:05:04 #3 (MAIL) RUN (MAIL)MAILER
11sep88  2:05:04 #3 (MAIL) RUN (MAIL)MAILER
11sep88  3:05:02 #3 (MAIL) RUN (MAIL)MAILER
11sep88  4:05:02 #3 (MAIL) RUN (MAIL)MAILER
11sep88  5:05:02 #3 (MAIL) RUN (MAIL)MAILER
11sep88  6:05:02 #3 (MAIL) RUN (MAIL)MAILER
11sep88  7:05:02 #3 (MAIL) RUN (MAIL)MAILER
11sep88  7:30:11 #3 (PERPOPER) RUN (SYS)EXECX
11sep88  7:30:26 #6 (JMS) RUN (MPL)FNDBAD
11sep88  7:30:55 #6 (JMS) RUN (JMS)TECO
11sep88  7:31:00 #6 (JMS) RUN (MPL)TYPER
11sep88  7:31:00 #6 (JMS) RUN (SYS)TYPE
11sep88  8:05:05 #3 (MAIL) RUN (MAIL)MAILER
11sep88  8:25:10 #3 (SSPAMBIN) RUN (SSPAMBIN)SETPSC
11sep88  9:05:05 #3 (MAIL) RUN (MAIL)MAILER
11sep88  9:20:14 #3 (PERPOPER) RUN (SYS)EXECX
11sep88  9:20:19 #6 (JMS) RUN (MPL)MHX
11sep88  9:21:05 #7 (JMS) RUN (MPL)TYPER
11sep88  9:21:06 #7 (JMS) RUN (SYS)TYPE
11sep88  9:30:52 #7 (JMS) RUN (MPL)TYPER
11sep88  9:30:53 #7 (JMS) RUN (SYS)TYPE
11sep88 10:05:03 #3 (MAIL) RUN (MAIL)MAILER
11sep88 11:05:03 #3 (MAIL) RUN (MAIL)MAILER
11sep88 12:05:03 #6 (MAIL) RUN (MAIL)MAILER
11sep88 12:05:13 #3 (JMS) RUN (MPL)TYPER
11sep88 12:05:14 #3 (JMS) RUN (SYS)TYPE
11sep88 13:05:03 #3 (MAIL) RUN (MAIL)MAILER
11sep88 14:05:03 #3 (MAIL) RUN (MAIL)MAILER
11sep88 15:05:03 #3 (MAIL) RUN (MAIL)MAILER
11sep88 16:05:03 #3 (MAIL) RUN (MAIL)MAILER
11sep88 17:05:03 #3 (MAIL) RUN (MAIL)MAILER
11sep88 18:05:03 #3 (MAIL) RUN (MAIL)MAILER
11sep88 19:05:03 #3 (MAIL) RUN (MAIL)MAILER
11sep88 20:05:03 #3 (MAIL) RUN (MAIL)MAILER
11sep88 20:39:56 #3 (CARL) RUN (SYS)OPER
11sep88 21:05:03 #3 (MAIL) RUN (MAIL)MAILER
11sep88 22:05:03 #3 (MAIL) RUN (MAIL)MAILER
11sep88 23:05:03 #3 (MAIL) RUN (MAIL)MAILER
12sep88  0:01:12 #3 (PERPOPER) RUN (SYS)EXECX
12sep88  0:01:17 #6 (JMS) RUN (SYS)GFD
12sep88  0:01:20 #6 (JMS) RUN (SYS)GFD
12sep88  0:01:35 #6 (JMS) RUN (SYS)SZRPT
12sep88  0:02:16 #6 (JMS) RUN (SYS)SZRPT
12sep88  0:05:01 #6 (MAIL) RUN (MAIL)MAILER
12sep88  1:05:01 #3 (MAIL) RUN (MAIL)MAILER
12sep88  2:05:01 #3 (MAIL) RUN (MAIL)MAILER
12sep88  3:05:06 #3 (MAIL) RUN (MAIL)MAILER
12sep88  4:05:01 #3 (MAIL) RUN (MAIL)MAILER
12sep88  5:05:01 #3 (MAIL) RUN (MAIL)MAILER
12sep88  6:05:06 #3 (MAIL) RUN (MAIL)MAILER
12sep88  6:10:55 #3 (SSPAMBIN) RUN (SSPAMBIN)SETPSC
12sep88  6:27:34 #3 (SSPAMBIN) RUN (SSPAMBIN)SETPSC
12sep88  7:05:01 #3 (MAIL) RUN (MAIL)MAILER
12sep88  7:30:01 #3 (SSPAMBIN) RUN (SSPAMBIN)SETPSC
12sep88  7:30:11 #3 (PERPOPER) RUN (SYS)EXECX
12sep88  7:30:25 #6 (JMS) RUN (MPL)FNDBAD
12sep88  7:30:54 #6 (JMS) RUN (JMS)TECO
12sep88  7:30:58 #6 (JMS) RUN (MPL)TYPER
12sep88  7:30:59 #6 (JMS) RUN (SYS)TYPE
12sep88  8:05:05 #3 (MAIL) RUN (MAIL)MAILER
12sep88  8:47:43 #3 (SSPAMBIN) RUN (SSPAMBIN)SETPSC
12sep88  9:01:22 #3 (JMS) RUN (MPL)TYPER
12sep88  9:01:23 #3 (JMS) RUN (SYS)TYPE
12sep88  9:05:05 #3 (MAIL) RUN (MAIL)MAILER
12sep88  9:20:14 #3 (PERPOPER) RUN (SYS)EXECX
12sep88  9:20:19 #6 (JMS) RUN (MPL)MHX
12sep88  9:20:59 #7 (JMS) RUN (MPL)TYPER
12sep88  9:21:00 #7 (JMS) RUN (SYS)TYPE
12sep88  9:31:08 #7 (JMS) RUN (MPL)TYPER
12sep88  9:31:09 #7 (JMS) RUN (SYS)TYPE
12sep88  9:34:43 #6 (SSPAMBIN) RUN (SSPAMBIN)SETPSC
12sep88 10:05:02 #3 (MAIL) RUN (MAIL)MAILER
12sep88 11:05:02 #3 (MAIL) RUN (MAIL)MAILER
12sep88 12:03:38 #3 (TYMNET) RUN (SYS)AUXMOX
12sep88 12:05:02 #6 (MAIL) RUN (MAIL)MAILER
12sep88 13:05:02 #3 (MAIL) RUN (MAIL)MAILER
12sep88 13:27:38 #3 (BILLING10) RUN (SYS)AUXMOX
12sep88 13:37:23 #3 (SSPAMBIN) RUN (SSPAMBIN)SETPSC
12sep88 14:05:02 #3 (MAIL) RUN (MAIL)MAILER
12sep88 15:05:02 #3 (MAIL) RUN (MAIL)MAILER
12sep88 15:24:53 #3 (SSPAMBIN) RUN (SSPAMBIN)SETPSC
12sep88 16:05:02 #3 (MAIL) RUN (MAIL)MAILER
12sep88 17:05:02 #3 (MAIL) RUN (MAIL)MAILER
12sep88 18:05:02 #3 (MAIL) RUN (MAIL)MAILER
12sep88 19:05:02 #3 (MAIL) RUN (MAIL)MAILER
12sep88 20:05:02 #3 (MAIL) RUN (MAIL)MAILER
12sep88 21:05:02 #3 (MAIL) RUN (MAIL)MAILER
12sep88 22:05:02 #3 (MAIL) RUN (MAIL)MAILER
12sep88 23:05:02 #3 (MAIL) RUN (MAIL)MAILER
13sep88  0:00:11 #3 (PERPOPER) RUN (SYS)EXECX
13sep88  0:00:16 #6 (NEW11) RUN (XEXEC)MINIT
13sep88  0:00:16 #6 (NEW11) RUN (XEXEC)MEXEC
13sep88  0:00:17 #6 (NEW11) RUN (XEXEC)RDIST
13sep88  0:00:21 #7 (NEW11) RUN (SPL)FINDIT
13sep88  0:00:53 #7 (NEW11) RUN (SPL)FINDIT
13sep88  0:01:13 #8 (JMS) RUN (SYS)GFD
13sep88  0:01:18 #8 (JMS) RUN (SYS)GFD
13sep88  0:01:37 #8 (JMS) RUN (SYS)SZRPT
13sep88  0:01:38 #6 (NEW11) RUN (XEXEC)MEXEC
13sep88  0:01:39 #6 (NEW11) RUN (XEXEC)RDIST
13sep88  0:01:46 #7 (NEW11) RUN (SPL)FINDIT
13sep88  0:02:35 #8 (JMS) RUN (SYS)SZRPT
13sep88  0:05:06 #8 (MAIL) RUN (MAIL)MAILER
13sep88  0:08:26 #6 (NEW11) RUN (XEXEC)MEXEC
13sep88  0:08:27 #6 (NEW11) RUN (XEXEC)RDIST
13sep88  0:08:32 #7 (NEW11) RUN (SPL)FINDIT
13sep88  0:09:29 #7 (NEW11) RUN (SPL)FINDIT
13sep88  0:09:41 #6 (NEW11) RUN (SYS)TELECO
13sep88  1:05:03 #3 (MAIL) RUN (MAIL)MAILER
13sep88  2:05:03 #3 (MAIL) RUN (MAIL)MAILER
13sep88  3:05:02 #3 (MAIL) RUN (MAIL)MAILER
13sep88  4:05:02 #3 (MAIL) RUN (MAIL)MAILER
13sep88  5:05:02 #3 (MAIL) RUN (MAIL)MAILER
13sep88  6:05:02 #3 (MAIL) RUN (MAIL)MAILER
13sep88  7:05:02 #3 (MAIL) RUN (MAIL)MAILER
13sep88  7:30:12 #3 (PERPOPER) RUN (SYS)EXECX
13sep88  7:30:26 #6 (JMS) RUN (MPL)FNDBAD
13sep88  7:30:55 #6 (JMS) RUN (JMS)TECO
13sep88  7:31:00 #6 (JMS) RUN (MPL)TYPER
13sep88  7:31:00 #6 (JMS) RUN (SYS)TYPE
13sep88  8:05:01 #3 (MAIL) RUN (MAIL)MAILER
13sep88  8:31:44 #3 (SSPAMBIN) RUN (SSPAMBIN)SETPSC
13sep88  8:46:54 #3 (OSMAN) RUN (SPL)TURNUP
13sep88  8:46:56 #3 (OSMAN) RUN (SYS)OPER
13sep88  8:47:25 #6 (OSMAN) RUN (SPL)TURNUP
13sep88  8:47:26 #6 (OSMAN) RUN (SYS)OPER
13sep88  8:47:26 #6 (OSMAN) RUN (XEXEC)MEXEC
13sep88  8:47:29 #6 (OSMAN) RUN (M33)CRSHID
13sep88  8:48:55 #6 (OSMAN) RUN (SPL)TURNUP
13sep88  8:48:55 #6 (OSMAN) RUN (SYS)OPER
13sep88  8:48:56 #6 (OSMAN) RUN (XEXEC)MEXEC
13sep88  8:48:58 #6 (OSMAN) RUN (M33)CRSHID
13sep88  9:01:03 #6 (JMS) RUN (MPL)TYPER
13sep88  9:01:04 #6 (JMS) RUN (SYS)TYPE
13sep88  9:05:06 #6 (MAIL) RUN (MAIL)MAILER
13sep88  9:06:29 #6 (OSMAN) RUN (SPL)TURNUP
13sep88  9:06:29 #6 (OSMAN) RUN (SYS)OPER
13sep88  9:06:30 #6 (OSMAN) RUN (XEXEC)MEXEC
13sep88  9:06:32 #6 (OSMAN) RUN (M33)CRSHID
13sep88  9:17:48 #6 (SSPAMBIN) RUN (SSPAMBIN)SETPSC
13sep88  9:20:09 #6 (PERPOPER) RUN (SYS)EXECX
13sep88  9:20:14 #7 (JMS) RUN (MPL)MHX
13sep88  9:20:27 #8 (JMS) RUN (MPL)TYPER
13sep88  9:20:28 #8 (JMS) RUN (SYS)TYPE
13sep88  9:33:15 #7 (JMS) RUN (MPL)TYPER
13sep88  9:33:16 #7 (JMS) RUN (SYS)TYPE
13sep88 10:05:04 #6 (MAIL) RUN (MAIL)MAILER
13sep88 11:05:03 #6 (MAIL) RUN (MAIL)MAILER
13sep88 12:05:04 #6 (MAIL) RUN (MAIL)MAILER
13sep88 12:35:31 #6 (SSPAMBIN) RUN (SSPAMBIN)SETPSC
13sep88 12:40:17 #6 (JMS) RUN (SYS)GFD
13sep88 12:40:27 #6 (JMS) RUN (MPL)TYPER
13sep88 12:40:28 #6 (JMS) RUN (SYS)TYPE
13sep88 12:51:49 #6 (SSPAMBIN) RUN (SSPAMBIN)SETPSC
13sep88 13:05:04 #6 (MAIL) RUN (MAIL)MAILER
13sep88 13:48:15 #6 (JMS) RUN (SPL)FINDIT
13sep88 14:05:03 #6 (MAIL) RUN (MAIL)MAILER
13sep88 14:13:44 #6 (JMS) RUN (SYS)AUXMOX
13sep88 14:23:42 #6 (JMS) RUN (SYS)OPER
13sep88 14:23:44 #7 (SSPAMBIN) RUN (SSPAMBIN)SETPSC
13sep88 14:23:45 #6 (JMS) RUN (XEXEC)MEXEC
13sep88 14:23:46 #6 (JMS) RUN (XEXEC)ROLAID
13sep88 14:52:08 #6 (JMS) RUN (SYS)AUXMOX
13sep88 14:54:52 #6 (SSPAMBIN) RUN (SSPAMBIN)SETNOD
13sep88 15:05:03 #6 (MAIL) RUN (MAIL)MAILER
13sep88 15:13:06 #6 (JMS) RUN (SYS)OPER
13sep88 15:13:07 #6 (JMS) RUN (XEXEC)MEXEC
13sep88 15:13:07 #6 (JMS) RUN (XEXEC)ROLAID
13sep88 15:26:04 #6 (SSPAMBIN) RUN (SSPAMBIN)SETPSC
13sep88 15:57:20 #6 (SSPAMBIN) RUN (SSPAMBIN)SETPSC
13sep88 16:05:04 #6 (MAIL) RUN (MAIL)MAILER
13sep88 16:22:21 #6 (JMS) RUN (SYS)OPER
13sep88 17:05:03 #6 (MAIL) RUN (MAIL)MAILER
13sep88 18:05:03 #6 (MAIL) RUN (MAIL)MAILER
13sep88 19:05:03 #6 (MAIL) RUN (MAIL)MAILER
13sep88 20:05:03 #6 (MAIL) RUN (MAIL)MAILER
13sep88 21:05:03 #6 (MAIL) RUN (MAIL)MAILER
13sep88 22:05:03 #6 (MAIL) RUN (MAIL)MAILER
13sep88 22:23:48 #6 (JMS) RUN (SYS)AUXMOX
13sep88 23:05:03 #6 (MAIL) RUN (MAIL)MAILER
14sep88  0:01:12 #6 (PERPOPER) RUN (SYS)EXECX
14sep88  0:01:17 #7 (JMS) RUN (SYS)GFD
14sep88  0:01:21 #7 (JMS) RUN (SYS)GFD
14sep88  0:01:35 #7 (JMS) RUN (SYS)SZRPT
14sep88  0:02:16 #7 (JMS) RUN (SYS)SZRPT
14sep88  0:05:02 #7 (MAIL) RUN (MAIL)MAILER
14sep88  1:05:01 #6 (MAIL) RUN (MAIL)MAILER
14sep88  2:05:01 #6 (MAIL) RUN (MAIL)MAILER
14sep88  3:05:06 #6 (MAIL) RUN (MAIL)MAILER
14sep88  4:05:01 #6 (MAIL) RUN (MAIL)MAILER
14sep88  5:05:01 #6 (MAIL) RUN (MAIL)MAILER
14sep88  5:11:01 #6 (MAIL) RUN (MAIL)SMTP
14sep88  5:11:09 #6 (MAIL) RUN (SPL)FINDIT
14sep88  5:20:48 #6 (MAIL) RUN (MAIL)SMTP
14sep88  5:20:55 #6 (MAIL) RUN (SYS)AUXMOX
14sep88  6:05:04 #6 (MAIL) RUN (MAIL)MAILER
14sep88  7:05:04 #6 (MAIL) RUN (MAIL)MAILER
14sep88  7:17:33 #6 (SSPAMBIN) RUN (SSPAMBIN)SETPSC
14sep88  7:30:13 #6 (PERPOPER) RUN (SYS)EXECX
14sep88  7:30:26 #7 (JMS) RUN (MPL)FNDBAD
14sep88  7:30:55 #7 (JMS) RUN (JMS)TECO
14sep88  7:31:00 #7 (JMS) RUN (MPL)TYPER
14sep88  7:31:01 #7 (JMS) RUN (SYS)TYPE
14sep88  8:04:31 #6 (SSPAMBIN) RUN (SSPAMBIN)SETPSC
14sep88  8:05:02 #6 (MAIL) RUN (MAIL)MAILER
14sep88  8:36:15 #6 (SSPAMBIN) RUN (SSPAMBIN)SETPSC
14sep88  8:50:21 #6 (JMS) RUN (MPL)TYPER
14sep88  8:50:22 #6 (JMS) RUN (SYS)TYPE
14sep88  9:05:02 #6 (MAIL) RUN (MAIL)MAILER
14sep88  9:20:10 #6 (PERPOPER) RUN (SYS)EXECX
14sep88  9:20:15 #7 (JMS) RUN (MPL)MHX
14sep88  9:20:52 #8 (JMS) RUN (MPL)TYPER
14sep88  9:20:52 #8 (JMS) RUN (SYS)TYPE
14sep88  9:22:54 #8 (SSPAMBIN) RUN (SSPAMBIN)SETPSC
14sep88  9:30:38 #8 (JMS) RUN (MPL)TYPER
14sep88  9:30:39 #8 (JMS) RUN (SYS)TYPE
14sep88 10:05:04 #6 (MAIL) RUN (MAIL)MAILER
14sep88 10:54:54 #6 (SSPAMBIN) RUN (SSPAMBIN)SETPSC
14sep88 11:05:04 #6 (MAIL) RUN (MAIL)MAILER
14sep88 11:11:25 #6 (SSPAMBIN) RUN (SSPAMBIN)SETPSC
14sep88 11:27:47 #6 (SSPAMBIN) RUN (SSPAMBIN)SETPSC
14sep88 12:05:04 #6 (MAIL) RUN (MAIL)MAILER
14sep88 12:30:12 #6 (SSPAMBIN) RUN (SSPAMBIN)SETPSC
14sep88 13:05:04 #6 (MAIL) RUN (MAIL)MAILER
14sep88 14:05:04 #6 (MAIL) RUN (MAIL)MAILER
14sep88 14:13:57 #6 (JMS) RUN (SYS)AUXMOX
14sep88 14:27:45 #6 (JMS) RUN (SYS)OPER
14sep88 14:27:46 #6 (JMS) RUN (XEXEC)MEXEC
14sep88 14:27:47 #6 (JMS) RUN (XEXEC)ROLAID
14sep88 14:39:30 #6 (JMS) RUN (XEXEC)MEXEC
14sep88 14:39:32 #6 (JMS) RUN (XEXEC)FIND
14sep88 15:05:04 #6 (MAIL) RUN (MAIL)MAILER
14sep88 16:03:08 #6 (SSPAMBIN) RUN (SSPAMBIN)SETNOD
14sep88 16:05:04 #6 (MAIL) RUN (MAIL)MAILER
14sep88 16:16:15 #6 (JMS) RUN (SYS)OPER
14sep88 16:42:09 #6 (CARL) RUN (SYS)OPER
14sep88 16:42:11 #6 (CARL) RUN (CARL)SYSDAT
14sep88 16:42:17 #6 (CARL) RUN (SYS)NEWRPG
14sep88 17:05:04 #6 (MAIL) RUN (MAIL)MAILER
14sep88 17:12:35 #6 (JMS) RUN (XEXEC)MEXEC
14sep88 17:12:35 #6 (JMS) RUN (JMS)SETPDT
14sep88 17:12:35 #6 (JMS) RUN (XEXEC)MEXEC
14sep88 17:12:37 #6 (JMS) RUN (XEXEC)FINDIT
14sep88 18:05:04 #6 (MAIL) RUN (MAIL)MAILER
14sep88 19:05:04 #6 (MAIL) RUN (MAIL)MAILER
14sep88 20:05:04 #6 (MAIL) RUN (MAIL)MAILER
14sep88 21:05:04 #6 (MAIL) RUN (MAIL)MAILER
14sep88 21:50:19 #6 (SSPAMBIN) RUN (SSPAMBIN)SETPSC
14sep88 22:05:04 #6 (MAIL) RUN (MAIL)MAILER
14sep88 22:47:53 #7 (CARL) RUN (SYS)OPER
14sep88 22:47:54 #6 (CARL) RUN (SYS)OPER
14sep88 22:47:55 #6 (CARL) RUN (SYS)NEWRPG
14sep88 22:47:57 #6 (CARL) RUN (MPL)SCREAM
14sep88 22:51:19 #6 (CARL) RUN (SYS)NEWRPG
14sep88 23:05:04 #6 (MAIL) RUN (MAIL)MAILER
15sep88  0:00:13 #6 (PERPOPER) RUN (SYS)EXECX
15sep88  0:00:17 #7 (NEW11) RUN (XEXEC)MINIT
15sep88  0:00:17 #7 (NEW11) RUN (XEXEC)MEXEC
15sep88  0:00:18 #7 (NEW11) RUN (XEXEC)RDIST
15sep88  0:00:23 #8 (NEW11) RUN (SPL)FINDIT
15sep88  0:00:53 #8 (NEW11) RUN (SPL)FINDIT
15sep88  0:01:07 #9 (JMS) RUN (SYS)GFD
15sep88  0:01:12 #9 (JMS) RUN (SYS)GFD
15sep88  0:01:32 #9 (JMS) RUN (SYS)SZRPT
15sep88  0:01:51 #7 (NEW11) RUN (XEXEC)MEXEC
15sep88  0:01:52 #7 (NEW11) RUN (XEXEC)RDIST
15sep88  0:01:59 #8 (NEW11) RUN (SPL)FINDIT
15sep88  0:02:26 #9 (JMS) RUN (SYS)SZRPT
15sep88  0:05:06 #9 (MAIL) RUN (MAIL)MAILER
15sep88  0:12:25 #7 (NEW11) RUN (XEXEC)MEXEC
15sep88  0:12:26 #7 (NEW11) RUN (XEXEC)RDIST
15sep88  0:12:31 #8 (NEW11) RUN (SPL)FINDIT
15sep88  0:13:11 #8 (NEW11) RUN (SPL)FINDIT
15sep88  0:13:22 #7 (NEW11) RUN (SYS)TELECO
15sep88  1:05:05 #6 (MAIL) RUN (MAIL)MAILER
15sep88  2:05:05 #6 (MAIL) RUN (MAIL)MAILER
15sep88  3:05:04 #6 (MAIL) RUN (MAIL)MAILER
15sep88  3:36:56 #6 (CARL) RUN (SYS)OPER
15sep88  3:36:58 #6 (CARL) RUN (SYS)NEWRPG
15sep88  3:37:00 #6 (CARL) RUN (MPL)SCREAM
15sep88  3:40:27 #7 (CARL) RUN (SYS)OPER
    <PRÞ