!:logfile rdist.log
:define $substitution=$true
sysno
TYMSHARE X32-P035/E-1 3-2-89
!daytime
14-NOV-1989 15:07:44 PST

!run (xexec)minit

!rdist *.*/master:33/host:14,32/check
Master host: 33
1165 files on master system.
Slave hosts: 14,32
Checking host 14
(CURR11      :  14) CONFIG.ATC                       -- missing on slave
(CURR11      :  14) ATCOMP.DOC                       -- missing on slave
(CURR11      :  14) ATC.REL                          -- missing on slave
(CURR11      :  14) MPSRI2.MAP                       -- missing on slave
(CURR11      :  14) MPSCO4.MAP                       -- missing on slave
(CURR11      :  14) MP6535.MAP                       -- missing on slave
(CURR11      :  14) SV5270.IMG                       -- missing on slave
(CURR11      :  14) MP4474.MAP                       -- missing on slave
(CURR11      :  14) MP3450.MAP                       -- missing on slave
(CURR11      :  14) MP3027.MAP                       -- missing on slave
(CURR11      :  14) MP2352.MAP                       -- missing on slave
(CURR11      :  14) LINAST.NBJ                       -- missing on slave
(CURR11      :  14) LKITP2.NBJ                       -- missing on slave
(CURR11      :  14) LNKISC.NBJ                       -- missing on slave
(CURR11      :  14) XLTCRS.NBJ                       -- missing on slave
(CURR11      :  14) TRMPTP.NBJ                       -- missing on slave
(CURR11      :  14) TRMTST.NBJ                       -- missing on slave
(CURR11      :  14) OLDLNK.CMD                       -- missing on slave
(CURR11      :  14) OLDCFG.CMD                       -- missing on slave
(CURR11      :  14) LK3357.CMD                       -- missing on slave
(CURR11      :  14) LK3717.CMD                       -- missing on slave
(CURR11      :  14) LK5303.CMD                       -- missing on slave
(CURR11      :  14) LK6534.CMD                       -- missing on slave
(CURR11      :  14) LK5733.CMD                       -- missing on slave
(CURR11      :  14) MC5303.CMD                       -- missing on slave
(CURR11      :  14) MC6534.CMD                       -- missing on slave
(CURR11      :  14) MC3357.CMD                       -- missing on slave
(CURR11      :  14) MC5733.CMD                       -- missing on slave
(CURR11      :  14) CG131.MAC                        -- missing on slave
(CURR11      :  14) MC132.CMD                        -- missing on slave
(CURR11      :  14) LK545B.CMD                       -- missing on slave
(CURR11      :  14) MC545B.CMD                       -- missing on slave
(CURR11      :  14) CG543.MAC                        -- missing on slave
(CURR11      :  14) CG354.MAC                        -- missing on slave
(CURR11      :  14) MACLST.PCO                       -- missing on slave
(CURR11      :  14) LKSCO3.CMD                       -- missing on slave
(CURR11      :  14) MCSCO3.CMD                       -- missing on slave
(CURR11      :  14) CG552.MAC                        -- missing on slave
(CURR11      :  14) RU112.MAC                        -- missing on slave
(CURR11      :  14) CG732.MAC                        -- missing on slave
(CURR11      :  14) ATC.DOC                          -- missing on slave
(CURR11      :  14) MP2370.MAP                       -- missing on slave
(CURR11      :  14) TRMFST.NBJ                       -- missing on slave
(CURR11      :  14) LINF.OBJ                         -- missing on slave
(CURR11      :  14) LINAST.OBJ                       -- missing on slave
(CURR11      :  14) LKITP2.OBJ                       -- missing on slave
(CURR11      :  14) CRCTAB.OBJ                       -- missing on slave
(CURR11      :  14) LKEPKT.OBJ                       -- missing on slave
(CURR11      :  14) LNKEB.OBJ                        -- missing on slave
(CURR11      :  14) RSXNDL.DOC                       -- missing on slave
(CURR11      :  14) 2370.LOG                         -- missing on slave
(CURR11      :  14) LNKISS.NBJ                       -- missing on slave
(CURR11      :  14) CG2370.NBJ                       -- missing on slave
(CURR11      :  14) MCXXX.CMD                        -- missing on slave
(CURR11      :  14) ND6534.BND                       -- missing on slave
(CURR11      :  14) ND5303.BND                       -- missing on slave
(CURR11      :  14) ND5274.BND                       -- missing on slave
(CURR11      :  14) SVSCO1.IMG                       -- missing on slave
(CURR11      :  14) MP5270.MAP                       -- missing on slave
(CURR11      :  14) SV2347.IMG                       -- missing on slave
(CURR11      :  14) LINCST.NBJ                       -- missing on slave
(CURR11      :  14) LINA.NBJ                         -- missing on slave
(CURR11      :  14) LNKF.NBJ                         -- missing on slave
(CURR11      :  14) LKSCO5.CMD                       -- missing on slave
(CURR11      :  14) YYYCFG.CMD                       -- missing on slave
(CURR11      :  14) 048MSG.REL                       -- missing on slave
(CURR11      :  14) LK3575.CMD                       -- missing on slave
(CURR11      :  14) LK6511.CMD                       -- missing on slave
(CURR11      :  14) LK4036.CMD                       -- missing on slave
(CURR11      :  14) MC4036.CMD                       -- missing on slave
(CURR11      :  14) MC3575.CMD                       -- missing on slave
(CURR11      :  14) MC6511.CMD                       -- missing on slave
(CURR11      :  14) CG545.MAC                        -- missing on slave
(CURR11      :  14) CG554.MAC                        -- missing on slave
(CURR11      :  14) LK545D.CMD                       -- missing on slave
(CURR11      :  14) MC545D.CMD                       -- missing on slave
(CURR11      :  14) CG545X.MAC                       -- missing on slave
(CURR11      :  14) LK375.CMD                        -- missing on slave
(CURR11      :  14) CG662.MAC                        -- missing on slave
(CURR11      :  14) CG304.MAC                        -- missing on slave
(CURR11      :  14) CG545C.MAC                       -- missing on slave
(CURR11      :  14) LK177.CMD                        -- missing on slave
(CURR11      :  14) MC177.CMD                        -- missing on slave
(CURR11      :  14) LK260.CMD                        -- missing on slave
(CURR11      :  14) MC260.CMD                        -- missing on slave
(CURR11      :  14) LKIST1.NBJ                       -- missing on slave
(CURR11      :  14) LNKIAP.NBJ                       -- missing on slave
(CURR11      :  14) LNK1.NBJ                         -- missing on slave
(CURR11      :  14) TRMT.NBJ                         -- missing on slave
(CURR11      :  14) TRMF.NBJ                         -- missing on slave
(CURR11      :  14) ERROR.NBJ                        -- missing on slave
(CURR11      :  14) ALLMAC.DIR                       -- missing on slave
(CURR11      :  14) LINCST.OBJ                       -- missing on slave
(CURR11      :  14) LINA.OBJ                         -- missing on slave
(CURR11      :  14) LKIST1.OBJ                       -- missing on slave
(CURR11      :  14) LNKIAP.OBJ                       -- missing on slave
(CURR11      :  14) LKGPKT.OBJ                       -- missing on slave
(CURR11      :  14) LNKF.OBJ                         -- missing on slave
(CURR11      :  14) LNK1.OBJ                         -- missing on slave
(CURR11      :  14) TRMT.OBJ                         -- missing on slave
(CURR11      :  14) TRMF.OBJ                         -- missing on slave
(CURR11      :  14) MAIL.FWD                         -- missing on slave
(CURR11      :  14) FINDIT.TEC                       -- missing on slave
(CURR11      :  14) SV4272.IMG                       -- missing on slave
(CURR11      :  14) MACDIR.CMD                       -- missing on slave
(CURR11      :  14) ND7703.BND                       -- missing on slave
(CURR11      :  14) ND6533.BND                       -- missing on slave
(CURR11      :  14) ND2413.BND                       -- missing on slave
(CURR11      :  14) MPSCO5.MAP                       -- missing on slave
(CURR11      :  14) SV6745.IMG                       -- missing on slave
(CURR11      :  14) MP6511.MAP                       -- missing on slave
(CURR11      :  14) SV5557.IMG                       -- missing on slave
(CURR11      :  14) SV5514.IMG                       -- missing on slave
(CURR11      :  14) MP545D.MAP                       -- missing on slave
(CURR11      :  14) SV5271.IMG                       -- missing on slave
(CURR11      :  14) SV4650.IMG                       -- missing on slave
(CURR11      :  14) MP4036.MAP                       -- missing on slave
(CURR11      :  14) MP3575.MAP                       -- missing on slave
(CURR11      :  14) SV3273.IMG                       -- missing on slave
(CURR11      :  14) SV3203.IMG                       -- missing on slave
(CURR11      :  14) SV732A.IMG                       -- missing on slave
(CURR11      :  14) SV470B                      -- missing on slave
(CURR11      :  14) ALLLNK.LOG                       -- missing on slave
(CURR11      :  14) ALLCFG.CMD                       -- missing on slave
(CURR11      :  14) LNKRSP.NBJ                       -- missing on slave
(CURR11      :  14) LODDUM.NBJ                       -- missing on slave
(CURR11      :  14) LING.NBJ                         -- missing on slave
(CURR11      :  14) LK3027.CMD                       -- missing on slave
(CURR11      :  14) LK3450.CMD                       -- missing on slave
(CURR11      :  14) LK6535.CMD                       -- missing on slave
(CURR11      :  14) LK4474.CMD                       -- missing on slave
(CURR11      :  14) MC3027.CMD                       -- missing on slave
(CURR11      :  14) MC3450.CMD                       -- missing on slave
(CURR11      :  14) MC4474.CMD                       -- missing on slave
(CURR11      :  14) LK545.CMD                        -- missing on slave
(CURR11      :  14) RU354.MAC                        -- missing on slave
(CURR11      :  14) MC545X.CMD                       -- missing on slave
(CURR11      :  14) CFGALL.PCO                       -- missing on slave
(CURR11      :  14) LK554.CMD                        -- missing on slave
(CURR11      :  14) LK167.CMD                        -- missing on slave
(CURR11      :  14) LK304.CMD                        -- missing on slave
(CURR11      :  14) MC304.CMD                        -- missing on slave
(CURR11      :  14) LK124.CMD                        -- missing on slave
(CURR11      :  14) MC124.CMD                        -- missing on slave
(CURR11      :  14) CG64O.MAC                        -- missing on slave
(CURR11      :  14) CG553.MAC                        -- missing on slave
(CURR11      :  14) LK356.CMD                        -- missing on slave
(CURR11      :  14) MC356.CMD                        -- missing on slave
(CURR11      :  14) LK545C.CMD                       -- missing on slave
(CURR11      :  14) MC545C.CMD                       -- missing on slave
(CURR11      :  14) MC545.CMD                        -- missing on slave
(CURR11      :  14) RU212.MAC                        -- missing on slave
(CURR11      :  14) RU104.MAC                        -- missing on slave
(CURR11      :  14) ATCTST.DAT                       -- missing on slave
(CURR11      :  14) BUGS.ATC                         -- missing on slave
(CURR11      :  14) ATCMGR.NBJ                       -- missing on slave
(CURR11      :  14) SV514.IMG                        -- missing on slave
(CURR11      :  14) LINBST.NBJ                       -- missing on slave
(CURR11      :  14) AUTO11.NBJ                       -- missing on slave
(CURR11      :  14) REMNBJ.CMD                       -- missing on slave
(CURR11      :  14) TRMSC.NBJ                        -- missing on slave
(CURR11      :  14) PKT3D.NBJ                        -- missing on slave
(CURR11      :  14) LODDUM.OBJ                       -- missing on slave
(CURR11      :  14) XDTST.OBJ                        -- missing on slave
(CURR11      :  14) LINBST.OBJ                       -- missing on slave
(CURR11      :  14) LNKE.OBJ                         -- missing on slave
(CURR11      :  14) LNKRSP.OBJ                       -- missing on slave
(CURR11      :  14) KS2NET.WHR                       -- missing on slave
(CURR11      :  14) XRAY.ATC                         -- missing on slave
(CURR11      :  14) ATBTAI.U18                       -- missing on slave
(CURR11      :  14) ATBTAI.U17                       -- missing on slave
(CURR11      :  14) ATBTAI.U16                       -- missing on slave
(CURR11      :  14) ATBTAI.U03                       -- missing on slave
(CURR11      :  14) ATBTAI.U02                       -- missing on slave
(CURR11      :  14) ATBTAI.U01                       -- missing on slave
(CURR11      :  14) ND6745.BND                       -- missing on slave
(CURR11      :  14) ND5557.BND                       -- missing on slave
(CURR11      :  14) ND5514.BND                       -- missing on slave
(CURR11      :  14) ND5271.BND                       -- missing on slave
(CURR11      :  14) ND4272.BND                       -- missing on slave
(CURR11      :  14) ND3203.BND                       -- missing on slave
(CURR11      :  14) SVSCO5.IMG                       -- missing on slave
(CURR11      :  14) MPSCO3.MAP                       -- missing on slave
(CURR11      :  14) MPCEC1.MAP                       -- missing on slave
(CURR11      :  14) MP6534.MAP                       -- missing on slave
(CURR11      :  14) SV6511.IMG                       -- missing on slave
(CURR11      :  14) MP5733.MAP                       -- missing on slave
(CURR11      :  14) SV545D.IMG                       -- missing on slave
(CURR11      :  14) MP545B.MAP                       -- missing on slave
(CURR11      :  14) MP5303.MAP                       -- missing on slave
(CURR11      :  14) MP5274.MAP                       -- missing on slave
(CURR11      :  14) SV4036.IMG                       -- missing on slave
(CURR11      :  14) MP3717.MAP                       -- missing on slave
(CURR11      :  14) SV3575.IMG                       -- missing on slave
(CURR11      :  14) MP3357.MAP                       -- missing on slave
(CURR11      :  14) LK7703.CMD                       -- missing on slave
(CURR11      :  14) MC7703.CMD                       -- missing on slave
(CURR11      :  14) BB2150.N42                       -- missing on slave
(CURR11      :  14) MC554A.CMD                       -- missing on slave
(CURR11      :  14) LK554A.CMD                       -- missing on slave
(CURR11      :  14) LK4600.CMD                       -- missing on slave
(CURR11      :  14) LK6533.CMD                       -- missing on slave
(CURR11      :  14) LK2413.CMD                       -- missing on slave
(CURR11      :  14) XXXCFG.DIR                       -- missing on slave
(CURR11      :  14) MX6533.CMD                       -- missing on slave
(CURR11      :  14) MC6533.CMD                       -- missing on slave
(CURR11      :  14) MC4600.CMD                       -- missing on slave
(CURR11      :  14) MC2413.CMD                       -- missing on slave
(CURR11      :  14) MC732.CMD                        -- missing on slave
(CURR11      :  14) LK131.CMD                        -- missing on slave
(CURR11      :  14) MC131.CMD                        -- missing on slave
(CURR11      :  14) LK354.CMD                        -- missing on slave
(CURR11      :  14) XXXLST.PCO                       -- missing on slave
(CURR11      :  14) XXXLNK.CMD                       -- missing on slave
(CURR11      :  14) LKSCO2.CMD                       -- missing on slave
(CURR11      :  14) MCSCO2.CMD                       -- missing on slave
(CURR11      :  14) LK642.CMD                        -- missing on slave
(CURR11      :  14) CG112.MAC                        -- missing on slave
(CURR11      :  14) MC545A.CMD                       -- missing on slave
(CURR11      :  14) LK212.CMD                        -- missing on slave
(CURR11      :  14) MC212.CMD                        -- missing on slave
(CURR11      :  14) MC1200.CMD                       -- missing on slave
(CURR11      :  14) LK1200.CMD                       -- missing on slave
(CURR11      :  14) MC354.CMD                        -- missing on slave
(CURR11      :  14) RU764.MAC                        -- missing on slave
(CURR11      :  14) LK104.CMD                        -- missing on slave
(CURR11      :  14) RU467X.MAC                       -- missing on slave
(CURR11      :  14) LK54A.CMD                        -- missing on slave
(CURR11      :  14) MC54A.CMD                        -- missing on slave
(CURR11      :  14) LK552.CMD                        -- missing on slave
(CURR11      :  14) END.NBJ                          -- missing on slave
(CURR11      :  14) LINGST.NBJ                       -- missing on slave
(CURR11      :  14) LNKF2.NBJ                        -- missing on slave
(CURR11      :  14) LKIBS2.NBJ                       -- missing on slave
(CURR11      :  14) LKITP1.NBJ                       -- missing on slave
(CURR11      :  14) LNKC.NBJ                         -- missing on slave
(CURR11      :  14) TRM.NBJ                          -- missing on slave
(CURR11      :  14) CMDSAT.NBJ                       -- missing on slave
(CURR11      :  14) PKT2DB.NBJ                       -- missing on slave
(CURR11      :  14) PKT2.NBJ                         -- missing on slave
(CURR11      :  14) END.OBJ                          -- missing on slave
(CURR11      :  14) LKITP1.OBJ                       -- missing on slave
(CURR11      :  14) LKIBS2.OBJ                       -- missing on slave
(CURR11      :  14) LKGQAL.OBJ                       -- missing on slave
(CURR11      :  14) LNKF2.OBJ                        -- missing on slave
(CURR11      :  14) LNKEBP.OBJ                       -- missing on slave
(CURR11      :  14) LNKC.OBJ                         -- missing on slave
(CURR11      :  14) LKBDPV.OBJ                       -- missing on slave
(CURR11      :  14) TRM.OBJ                          -- missing on slave
(CURR11      :  14) CMDT28.OBJ                       -- missing on slave
(CURR11      :  14) CMDSAT.OBJ                       -- missing on slave
(CURR11      :  14) PKT2DB.OBJ                       -- missing on slave
(CURR11      :  14) PKT2.OBJ                         -- missing on slave
(CURR11      :  14) LK2350.CMD                       -- missing on slave
(CURR11      :  14) MC2350.CMD                       -- missing on slave
(CURR11      :  14) MC397.CMD                        -- missing on slave
(CURR11      :  14) TAI.DIF                          -- missing on slave
(CURR11      :  14) RDIST.BAK                        -- missing on slave
(CURR11      :  14) XRAY11.HLP                       -- missing on slave
(CURR11      :  14) RDIST.SUN                        -- missing on slave
(CURR11      :  14) RDIST.SAT                        -- missing on slave
(CURR11      :  14) RDIST.OUT                        -- missing on slave
(CURR11      :  14) RDIST.FRI                        -- missing on slave
(CURR11      :  14) RDIST.THU                        -- missing on slave
(CURR11      :  14) RDIST.WED                        -- missing on slave
(CURR11      :  14) SMODE.DOC                        -- missing on slave
(CURR11      :  14) ATCONF.QUE                       -- missing on slave
(CURR11      :  14) SV2370.IMG                       -- missing on slave
(CURR11      :  14) BASCFG.BK1                       -- missing on slave
(CURR11      :  14) ND5270.BND                       -- missing on slave
(CURR11      :  14) SVSRI2.IMG                       -- missing on slave
(CURR11      :  14) SVSCO4.IMG                       -- missing on slave
(CURR11      :  14) MPSCO2.MAP                       -- missing on slave
(CURR11      :  14) MP7703.MAP                       -- missing on slave
(CURR11      :  14) SV6535.IMG                       -- missing on slave
(CURR11      :  14) RDIST.CTL                        -- missing on slave
(CURR11      :  14) RDIST.LOG                        -- missing on slave
(CURR11      :  14) RDIST.TUE                        -- missing on slave
(CURR11      :  14) SV2352.IMG                       -- missing on slave
(CURR11      :  14) LOAD.NBJ                         -- missing on slave
(CURR11      :  14) PADMGR.NBJ                       -- missing on slave
(CURR11      :  14) LPA.NBJ                          -- missing on slave
(CURR11      :  14) TYMB.NBJ                         -- missing on slave
(CURR11      :  14) LNKF1.NBJ                        -- missing on slave
(CURR11      :  14) LKIBS1.NBJ                       -- missing on slave
(CURR11      :  14) LNKISH.NBJ                       -- missing on slave
(CURR11      :  14) LKBDUP.NBJ                       -- missing on slave
(CURR11      :  14) ALLBND.CMD                       -- missing on slave
(CURR11      :  14) ALLBND.LOG                       -- missing on slave
(CURR11      :  14) MC3213.CMD                       -- missing on slave
(CURR11      :  14) LX6533.CMD                       -- missing on slave
(CURR11      :  14) LKSCO1.CMD                       -- missing on slave
(CURR11      :  14) MCSCO1.CMD                       -- missing on slave
(CURR11      :  14) LK235Y.CMD                       -- missing on slave
(CURR11      :  14) CG370.MAC                        -- missing on slave
(CURR11      :  14) RU207.MAC                        -- missing on slave
(CURR11      :  14) LK112.CMD                        -- missing on slave
(CURR11      :  14) MC112.CMD                        -- missing on slave
(CURR11      :  14) RU556.MAC                        -- missing on slave
(CURR11      :  14) XLTEBC.NBJ                       -- missing on slave
(CURR11      :  14) TRMP.NBJ                         -- missing on slave
(CURR11      :  14) TRMSTR.NBJ                       -- missing on slave
(CURR11      :  14) CMDS.NBJ                         -- missing on slave
(CURR11      :  14) PKT1DB.NBJ                       -- missing on slave
(CURR11      :  14) PKT1.NBJ                         -- missing on slave
(CURR11      :  14) ERRROM.NBJ                       -- missing on slave
(CURR11      :  14) LOAD.OBJ                         -- missing on slave
(CURR11      :  14) LPA.OBJ                          -- missing on slave
(CURR11      :  14) LINFST.OBJ                       -- missing on slave
(CURR11      :  14) TYMB.OBJ                         -- missing on slave
(CURR11      :  14) LKIBS1.OBJ                       -- missing on slave
(CURR11      :  14) LNKF1.OBJ                        -- missing on slave
(CURR11      :  14) LNKB.OBJ                         -- missing on slave
(CURR11      :  14) XLTEBC.OBJ                       -- missing on slave
(CURR11      :  14) TRMP.OBJ                         -- missing on slave
(CURR11      :  14) CMDS.OBJ                         -- missing on slave
(CURR11      :  14) PKT1DB.OBJ                       -- missing on slave
(CURR11      :  14) PKT1.OBJ                         -- missing on slave
(CURR11      :  14) MC2R53.CMD                       -- missing on slave
(CURR11      :  14) LK0277.CMD                       -- missing on slave
(CURR11      :  14) MC0277.CMD                       -- missing on slave
(CURR11      :  14) LK2R53.CMD                       -- missing on slave
(CURR11      :  14) LK2356.CMD                       -- missing on slave
(CURR11      :  14) MC2356.CMD                       -- missing on slave
(CURR11      :  14) LK3213.CMD                       -- missing on slave
(CURR11      :  14) LK2347.CMD                       -- missing on slave
(CURR11      :  14) LK396.CMD                        -- missing on slave
(CURR11      :  14) LK376S.CMD                       -- missing on slave
(CURR11      :  14) MC376S.CMD                       -- missing on slave
(CURR11      :  14) MC2347.CMD                       -- missing on slave
(CURR11      :  14) LK2340.CMD                       -- missing on slave
(CURR11      :  14) ND6511.BND                       -- missing on slave
(CURR11      :  14) ND4036.BND                       -- missing on slave
(CURR11      :  14) SVSCO3.IMG                       -- missing on slave
(CURR11      :  14) SVCEC1.IMG                       -- missing on slave
(CURR11      :  14) SV6534.IMG                       -- missing on slave
(CURR11      :  14) SV5733.IMG                       -- missing on slave
(CURR11      :  14) SV545B.IMG                       -- missing on slave
(CURR11      :  14) SV5303.IMG                       -- missing on slave
(CURR11      :  14) SV5274.IMG                       -- missing on slave
(CURR11      :  14) SV3717.IMG                       -- missing on slave
(CURR11      :  14) SV3357.IMG                       -- missing on slave
(CURR11      :  14) RESCFG.CMD                       -- missing on slave
(CURR11      :  14) STATUS.NBJ                       -- missing on slave
(CURR11      :  14) LINC.NBJ                         -- missing on slave
(CURR11      :  14) LKIPK1.NEW                       -- missing on slave
(CURR11      :  14) RU64.MAC                         -- missing on slave
(CURR11      :  14) LK3212.CMD                       -- missing on slave
(CURR11      :  14) MC3212.CMD                       -- missing on slave
(CURR11      :  14) LK3203.CMD                       -- missing on slave
(CURR11      :  14) NEWCFG.CMD                       -- missing on slave
(CURR11      :  14) LK3273.CMD                       -- missing on slave
(CURR11      :  14) LK5514.CMD                       -- missing on slave
(CURR11      :  14) LK4650.CMD                       -- missing on slave
(CURR11      :  14) LK6745.CMD                       -- missing on slave
(CURR11      :  14) LK5557.CMD                       -- missing on slave
(CURR11      :  14) LK5271.CMD                       -- missing on slave
(CURR11      :  14) MC3203.CMD                       -- missing on slave
(CURR11      :  14) MC4650.CMD                       -- missing on slave
(CURR11      :  14) MC3273.CMD                       -- missing on slave
(CURR11      :  14) MC6745.CMD                       -- missing on slave
(CURR11      :  14) MC5557.CMD                       -- missing on slave
(CURR11      :  14) MC5271.CMD                       -- missing on slave
(CURR11      :  14) MC5514.CMD                       -- missing on slave
(CURR11      :  14) MC4272.CMD                       -- missing on slave
(CURR11      :  14) LK235X.CMD                       -- missing on slave
(CURR11      :  14) RU177.MAC                        -- missing on slave
(CURR11      :  14) CG207.MAC                        -- missing on slave
(CURR11      :  14) LK210.CMD                        -- missing on slave
(CURR11      :  14) RU152.MAC                        -- missing on slave
(CURR11      :  14) RU161.MAC                        -- missing on slave
(CURR11      :  14) RU375.MAC                        -- missing on slave
(CURR11      :  14) LK370.CMD                        -- missing on slave
(CURR11      :  14) MC370.CMD                        -- missing on slave
(CURR11      :  14) LK764.CMD                        -- missing on slave
(CURR11      :  14) RU260.MAC                        -- missing on slave
(CURR11      :  14) CG556.MAC                        -- missing on slave
(CURR11      :  14) LK167T.CMD                       -- missing on slave
(CURR11      :  14) RU2353.NBJ                       -- missing on slave
(CURR11      :  14) TYMA.NBJ                         -- missing on slave
(CURR11      :  14) ZAPBUF.NBJ                       -- missing on slave
(CURR11      :  14) LKBDUV.NBJ                       -- missing on slave
(CURR11      :  14) AUTR11.NBJ                       -- missing on slave
(CURR11      :  14) AUTO7.NBJ                        -- missing on slave
(CURR11      :  14) TRMTSC.NBJ                       -- missing on slave
(CURR11      :  14) TRMST.NBJ                        -- missing on slave
(CURR11      :  14) STATUS.OBJ                       -- missing on slave
(CURR11      :  14) LINC.OBJ                         -- missing on slave
(CURR11      :  14) TYMA.OBJ                         -- missing on slave
(CURR11      :  14) ZAPBUF.OBJ                       -- missing on slave
(CURR11      :  14) LNKIB.OBJ                        -- missing on slave
(CURR11      :  14) LKBDUV.OBJ                       -- missing on slave
(CURR11      :  14) AUTO7.OBJ                        -- missing on slave
(CURR11      :  14) TRMST.OBJ                        -- missing on slave
(CURR11      :  14) LK2355.CMD                       -- missing on slave
(CURR11      :  14) RU2370.NBJ                       -- missing on slave
(CURR11      :  14) CG2396.NBJ                       -- missing on slave
(CURR11      :  14) MP6745.MAP                       -- missing on slave
(CURR11      :  14) MP5557.MAP                       -- missing on slave
(CURR11      :  14) MP5514.MAP                       -- missing on slave
(CURR11      :  14) MP5271.MAP                       -- missing on slave
(CURR11      :  14) MP4650.MAP                       -- missing on slave
(CURR11      :  14) MP4272.MAP                       -- missing on slave
(CURR11      :  14) ACCESS.MSG                       -- missing on slave
(CURR11      :  14) CGXXX.MAC                        -- missing on slave
(CURR11      :  14) ND6535.BND                       -- missing on slave
(CURR11      :  14) ND3027.BND                       -- missing on slave
(CURR11      :  14) ND2352.BND                       -- missing on slave
(CURR11      :  14) SVSCO2.IMG                       -- missing on slave
(CURR11      :  14) SV7703.IMG                       -- missing on slave
(CURR11      :  14) SV6533.IMG                       -- missing on slave
(CURR11      :  14) SV545A.IMG                       -- missing on slave
(CURR11      :  14) SV4600.IMG                       -- missing on slave
(CURR11      :  14) SV2413.IMG                       -- missing on slave
(CURR11      :  14) RELESE.CMD                       -- missing on slave
(CURR11      :  14) XDT.NBJ                          -- missing on slave
(CURR11      :  14) ONCROM.NBJ                       -- missing on slave
(CURR11      :  14) ONCE.NBJ                         -- missing on slave
(CURR11      :  14) LINBX.NBJ                        -- missing on slave
(CURR11      :  14) LINB.NBJ                         -- missing on slave
(CURR11      :  14) LKIST2.NBJ                       -- missing on slave
(CURR11      :  14) LNKIA.NBJ                        -- missing on slave
(CURR11      :  14) RELEES.CMD                       -- missing on slave
(CURR11      :  14) LK5270.CMD                       -- missing on slave
(CURR11      :  14) MC5270.CMD                       -- missing on slave
(CURR11      :  14) RU545.MAC                        -- missing on slave
(CURR11      :  14) MACNBJ.CMD                       -- missing on slave
(CURR11      :  14) RU304.MAC                        -- missing on slave
(CURR11      :  14) CG152.MAC                        -- missing on slave
(CURR11      :  14) MC207.CMD                        -- missing on slave
(CURR11      :  14) LK207.CMD                        -- missing on slave
(CURR11      :  14) RU124.MAC                        -- missing on slave
(CURR11      :  14) CG161.MAC                        -- missing on slave
(CURR11      :  14) RU356.MAC                        -- missing on slave
(CURR11      :  14) CG375.MAC                        -- missing on slave
(CURR11      :  14) RU545C.MAC                       -- missing on slave
(CURR11      :  14) CG260.MAC                        -- missing on slave
(CURR11      :  14) KMC.CMD                          -- missing on slave
(CURR11      :  14) CG2353.NBJ                       -- missing on slave
(CURR11      :  14) LNK2.NBJ                         -- missing on slave
(CURR11      :  14) ACAS11.NBJ                       -- missing on slave
(CURR11      :  14) AUTO13.NBJ                       -- missing on slave
(CURR11      :  14) TRMPST.NBJ                       -- missing on slave
(CURR11      :  14) CMDSST.NBJ                       -- missing on slave
(CURR11      :  14) CMDTYM.NBJ                       -- missing on slave
(CURR11      :  14) EXEC.NBJ                         -- missing on slave
(CURR11      :  14) XDT.OBJ                          -- missing on slave
(CURR11      :  14) ONCE.OBJ                         -- missing on slave
(CURR11      :  14) LINB.OBJ                         -- missing on slave
(CURR11      :  14) LKITPC.OBJ                       -- missing on slave
(CURR11      :  14) LKIST2.OBJ                       -- missing on slave
(CURR11      :  14) LNKIA.OBJ                        -- missing on slave
(CURR11      :  14) LNKG.OBJ                         -- missing on slave
(CURR11      :  14) X25Q.OBJ                         -- missing on slave
(CURR11      :  14) CRCBYT.OBJ                       -- missing on slave
(CURR11      :  14) LNK2.OBJ                         -- missing on slave
(CURR11      :  14) AUTO13.OBJ                       -- missing on slave
(CURR11      :  14) TRMPST.OBJ                       -- missing on slave
(CURR11      :  14) ERROR.OBJ                        -- missing on slave
(CURR11      :  14) EXECMM.OBJ                       -- missing on slave
(CURR11      :  14) MCCAS.CMD                        -- missing on slave
(CURR11      :  14) LKCAS.CMD                        -- missing on slave
(CURR11      :  14) LNKF.MAC                         -- missing on slave
(CURR11      :  14) LK2353.CMD                       -- missing on slave
(CURR11      :  14) LK2396.CMD                       -- missing on slave
(CURR11      :  14) MC2396.CMD                       -- missing on slave
(CURR11      :  14) YYYCFG.DIR                       -- missing on slave
(CURR11      :  14) LK64.CMD                         -- missing on slave
(CURR11      :  14) LK152.CMD                        -- missing on slave
(CURR11      :  14) MCSCO5.CMD                       -- missing on slave
(CURR11      :  14) CG167.MAC                        -- missing on slave
(CURR11      :  14) MC2353.CMD                       -- missing on slave
(CURR11      :  14) ND2342.CMD                       -- missing on slave
(CURR11      :  14) MC375.CMD                        -- missing on slave
(CURR11      :  14) LK2344.CMD                       -- missing on slave
(CURR11      :  14) MC2344.CMD                       -- missing on slave
(CURR11      :  14) MC566A.CMD                       -- missing on slave
(CURR11      :  14) LK566A.CMD                       -- missing on slave
(CURR11      :  14) RU132.MAC                        -- missing on slave
(CURR11      :  14) CG421.MAC                        -- missing on slave
(CURR11      :  14) CG124.MAC                        -- missing on slave
(CURR11      :  14) CG356.MAC                        -- missing on slave
(CURR11      :  14) LK350.CMD                        -- missing on slave
(CURR11      :  14) MC350.CMD                        -- missing on slave
(CURR11      :  14) LK161.CMD                        -- missing on slave
(CURR11      :  14) MC161.CMD                        -- missing on slave
(CURR11      :  14) RU377T.MAC                       -- missing on slave
(CURR11      :  14) RU553.MAC                        -- missing on slave
(CURR11      :  14) CG54.MAC                         -- missing on slave
(CURR11      :  14) LK555.CMD                        -- missing on slave
(CURR11      :  14) LK674A.CMD                       -- missing on slave
(CURR11      :  14) MC555C.CMD                       -- missing on slave
(CURR11      :  14) LK555C.CMD                       -- missing on slave
(CURR11      :  14) MC64.CMD                         -- missing on slave
(CURR11      :  14) RU213.MAC                        -- missing on slave
(CURR11      :  14) LK522B.CMD                       -- missing on slave
(CURR11      :  14) MC522B.CMD                       -- missing on slave
(CURR11      :  14) MC555.CMD                        -- missing on slave
(CURR11      :  14) RU751.MAC                        -- missing on slave
(CURR11      :  14) CPYLIS.CMD                       -- missing on slave
(CURR11      :  14) RU625.MAC                        -- missing on slave
(CURR11      :  14) LK701.CMD                        -- missing on slave
(CURR11      :  14) MC674A.CMD                       -- missing on slave
(CURR11      :  14) RU364.MAC                        -- missing on slave
(CURR11      :  14) MC701.CMD                        -- missing on slave
(CURR11      :  14) CG555P.MAC                       -- missing on slave
(CURR11      :  14) MMUPR.MAC                        -- missing on slave
(CURR11      :  14) RU1030.MAC                       -- missing on slave
(CURR11      :  14) RU2351.MAC                       -- missing on slave
(CURR11      :  14) SMODUL.MAC                       -- missing on slave
(CURR11      :  14) TEST.MAC                         -- missing on slave
(CURR11      :  14) CG2377.MAC                       -- missing on slave
(CURR11      :  14) CG2343.MAC                       -- missing on slave
(CURR11      :  14) RUCEC1.MAC                       -- missing on slave
(CURR11      :  14) CG2352.MAC                       -- missing on slave
(CURR11      :  14) OLDROM.MAC                       -- missing on slave
(CURR11      :  14) CG522A.MAC                       -- missing on slave
(CURR11      :  14) CGSRI2.MAC                       -- missing on slave
(CURR11      :  14) RU545B.MAC                       -- missing on slave
(CURR11      :  14) RU5733.MAC                       -- missing on slave
(CURR11      :  14) RU3357.MAC                       -- missing on slave
(CURR11      :  14) RU3717.MAC                       -- missing on slave
(CURR11      :  14) RU6534.MAC                       -- missing on slave
(CURR11      :  14) RU5303.MAC                       -- missing on slave
(CURR11      :  14) CG2370.MAC                       -- missing on slave
(CURR11      :  14) CG3450.MAC                       -- missing on slave
(CURR11      :  14) CG4474.MAC                       -- missing on slave
(CURR11      :  14) RU5274.MAC                       -- missing on slave
(CURR11      :  14) CG3027.MAC                       -- missing on slave
(CURR11      :  14) RU2342.MAC                       -- missing on slave
(CURR11      :  14) RUSRI1.MAC                       -- missing on slave
(CURR11      :  14) CGSCO4.MAC                       -- missing on slave
(CURR11      :  14) CG6535.MAC                       -- missing on slave
(CURR11      :  14) LKHZZ3.MAC                       -- missing on slave
(CURR11      :  14) PACKET.MAC                       -- missing on slave
(CURR11      :  14) EXECMM.MAC                       -- missing on slave
(CURR11      :  14) TRMT.MAC                         -- missing on slave
(CURR11      :  14) LINA.MAC                         -- missing on slave
(CURR11      :  14) NETMGR.DOC                       -- missing on slave
(CURR11      :  14) NETMGR.PUB                       -- missing on slave
(CURR11      :  14) LKGPKT.MAC                       -- missing on slave
(CURR11      :  14) LNKHA.MAC                        -- missing on slave
(CURR11      :  14) SATCFG.DOC                       -- missing on slave
(CURR11      :  14) SATCFG.RNO                       -- missing on slave
(CURR11      :  14) ERROR.MAC                        -- missing on slave
(CURR11      :  14) KMCX11.MAC                       -- missing on slave
(CURR11      :  14) SATCFG.MEM                       -- missing on slave
(CURR11      :  14) TOOLS.DOC                        -- missing on slave
(CURR11      :  14) CMDNEX.MAC                       -- missing on slave
(CURR11      :  14) TRMF.MAC                         -- missing on slave
(CURR11      :  14) LKHTPC.MAC                       -- missing on slave
(CURR11      :  14) LNKFPR.MAC                       -- missing on slave
(CURR11      :  14) NOEIPR.MAC                       -- missing on slave
(CURR11      :  14) SATPR.MAC                        -- missing on slave
(CURR11      :  14) DOG.MAC                          -- missing on slave
(CURR11      :  14) LNK1.MAC                         -- missing on slave
(CURR11      :  14) RUFSC.MAC                        -- missing on slave
(CURR11      :  14) ND2342.LM1                       -- missing on slave
(CURR11      :  14) OLDNIB.NIB                       -- missing on slave
(CURR11      :  14) LKBDCP.OBJ                       -- missing on slave
(CURR11      :  14) LNKFLG.OBJ                       -- missing on slave
(CURR11      :  14) DCPINI.OBJ                       -- missing on slave
(CURR11      :  14) PKT3D.OBJ                        -- missing on slave
(CURR11      :  14) LK2370.CMD                       -- missing on slave
(CURR11      :  14) MC2370.CMD                       -- missing on slave
(CURR11      :  14) ND2341.CMD                       -- missing on slave
(CURR11      :  14) MC6535.CMD                       -- missing on slave
(CURR11      :  14) LKSRI2.CMD                       -- missing on slave
(CURR11      :  14) MCSRI2.CMD                       -- missing on slave
(CURR11      :  14) LK662.CMD                        -- missing on slave
(CURR11      :  14) MC662.CMD                        -- missing on slave
(CURR11      :  14) CG132.MAC                        -- missing on slave
(CURR11      :  14) RU543.MAC                        -- missing on slave
(CURR11      :  14) LK545X.CMD                       -- missing on slave
(CURR11      :  14) LKSCO4.CMD                       -- missing on slave
(CURR11      :  14) MCSCO4.CMD                       -- missing on slave
(CURR11      :  14) LK2352.CMD                       -- missing on slave
(CURR11      :  14) MC2352.CMD                       -- missing on slave
(CURR11      :  14) MC2377.CMD                       -- missing on slave
(CURR11      :  14) LK2343.CMD                       -- missing on slave
(CURR11      :  14) MC2343.CMD                       -- missing on slave
(CURR11      :  14) LK2377.CMD                       -- missing on slave
(CURR11      :  14) CG751.MAC                        -- missing on slave
(CURR11      :  14) CG213.MAC                        -- missing on slave
(CURR11      :  14) CG625.MAC                        -- missing on slave
(CURR11      :  14) CG54B.MAC                        -- missing on slave
(CURR11      :  14) RU54A.MAC                        -- missing on slave
(CURR11      :  14) LK54.CMD                         -- missing on slave
(CURR11      :  14) MC54.CMD                         -- missing on slave
(CURR11      :  14) CG377T.MAC                       -- missing on slave
(CURR11      :  14) MC554.CMD                        -- missing on slave
(CURR11      :  14) CG364.MAC                        -- missing on slave
(CURR11      :  14) MC555P.CMD                       -- missing on slave
(CURR11      :  14) LK555P.CMD                       -- missing on slave
(CURR11      :  14) RU397.MAC                        -- missing on slave
(CURR11      :  14) RU397X.MAC                       -- missing on slave
(CURR11      :  14) LK522A.CMD                       -- missing on slave
(CURR11      :  14) MC522A.CMD                       -- missing on slave
(CURR11      :  14) RU552.MAC                        -- missing on slave
(CURR11      :  14) RU676.MAC                        -- missing on slave
(CURR11      :  14) LK421.CMD                        -- missing on slave
(CURR11      :  14) MC421.CMD                        -- missing on slave
(CURR11      :  14) RU642.MAC                        -- missing on slave
(CURR11      :  14) MC167.CMD                        -- missing on slave
(CURR11      :  14) RU732.MAC                        -- missing on slave
(CURR11      :  14) RU1441.MAC                       -- missing on slave
(CURR11      :  14) RU1376.MAC                       -- missing on slave
(CURR11      :  14) KMCSUB.MAC                       -- missing on slave
(CURR11      :  14) MPX.MAC                          -- missing on slave
(CURR11      :  14) CG1030.MAC                       -- missing on slave
(CURR11      :  14) RU1200.MAC                       -- missing on slave
(CURR11      :  14) RDXTAP.MAC                       -- missing on slave
(CURR11      :  14) ROMPR.MAC                        -- missing on slave
(CURR11      :  14) CG2351.MAC                       -- missing on slave
(CURR11      :  14) CGCEC1.MAC                       -- missing on slave
(CURR11      :  14) RU2341.MAC                       -- missing on slave
(CURR11      :  14) RU2350.MAC                       -- missing on slave
(CURR11      :  14) RU545A.MAC                       -- missing on slave
(CURR11      :  14) CG545B.MAC                       -- missing on slave
(CURR11      :  14) RU2413.MAC                       -- missing on slave
(CURR11      :  14) RU4600.MAC                       -- missing on slave
(CURR11      :  14) CG3357.MAC                       -- missing on slave
(CURR11      :  14) CG3717.MAC                       -- missing on slave
(CURR11      :  14) CG6534.MAC                       -- missing on slave
(CURR11      :  14) CG5733.MAC                       -- missing on slave
(CURR11      :  14) CG5274.MAC                       -- missing on slave
(CURR11      :  14) CG2342.MAC                       -- missing on slave
(CURR11      :  14) ATCRPR.MAC                       -- missing on slave
(CURR11      :  14) RUOLAB.MAC                       -- missing on slave
(CURR11      :  14) CGSRI1.MAC                       -- missing on slave
(CURR11      :  14) AUTO11.MAC                       -- missing on slave
(CURR11      :  14) CG5303.MAC                       -- missing on slave
(CURR11      :  14) CGSCO3.MAC                       -- missing on slave
(CURR11      :  14) SCCPR.MAC                        -- missing on slave
(CURR11      :  14) LING.MAC                         -- missing on slave
(CURR11      :  14) RU7703.MAC                       -- missing on slave
(CURR11      :  14) ALLLNK.CMD                       -- missing on slave
(CURR11      :  14) ALLLNK.39C                       -- missing on slave
(CURR11      :  14) GENBAS.SAI                       -- missing on slave
(CURR11      :  14) GENBAS.REL                       -- missing on slave
(CURR11      :  14) GENBAS.SAV                       -- missing on slave
(CURR11      :  14) JUNK.MAC                         -- missing on slave
(CURR11      :  14) LKBDCP.MAC                       -- missing on slave
(CURR11      :  14) LODDUM.MAC                       -- missing on slave
(CURR11      :  14) LNKE.MAC                         -- missing on slave
(CURR11      :  14) MAIL.BOX                         -- missing on slave
(CURR11      :  14) DCPINI.MAC                       -- missing on slave
(CURR11      :  14) LK167.XDT                        -- missing on slave
(CURR11      :  14) LNKFLG.MAC                       -- missing on slave
(CURR11      :  14) KMCDDT.MAC                       -- missing on slave
(CURR11      :  14) PROBLM.DOC                       -- missing on slave
(CURR11      :  14) KSBCFG.MEM                       -- missing on slave
(CURR11      :  14) AUTO45.MAC                       -- missing on slave
(CURR11      :  14) KSBCFG.RNO                       -- missing on slave
(CURR11      :  14) TPCPR.MAC                        -- missing on slave
(CURR11      :  14) CRCBIT.MAC                       -- missing on slave
(CURR11      :  14) LIND1.MAC                        -- missing on slave
(CURR11      :  14) LNKRSP.MAC                       -- missing on slave
(CURR11      :  14) PKT3D.MAC                        -- missing on slave
(CURR11      :  14) ND2341.LM1                       -- missing on slave
(CURR11      :  14) CE                               -- missing on slave
(CURR11      :  14) LNKD.OBJ                         -- missing on slave
(CURR11      :  14) LNKBS.OBJ                        -- missing on slave
(CURR11      :  14) XLTCRS.OBJ                       -- missing on slave
(CURR11      :  14) TRMPTP.OBJ                       -- missing on slave
(CURR11      :  14) TRMTST.OBJ                       -- missing on slave
(CURR11      :  14) TRMFST.OBJ                       -- missing on slave
(CURR11      :  14) LK2351.CMD                       -- missing on slave
(CURR11      :  14) DIR                              -- missing on slave
(CURR11      :  14) MC377T.CMD                       -- missing on slave
(CURR11      :  14) LK5274.CMD                       -- missing on slave
(CURR11      :  14) MC5274.CMD                       -- missing on slave
(CURR11      :  14) CG104.MAC                        -- missing on slave
(CURR11      :  14) CG212.MAC                        -- missing on slave
(CURR11      :  14) LKCEC1.CMD                       -- missing on slave
(CURR11      :  14) MCCEC1.CMD                       -- missing on slave
(CURR11      :  14) CG676.MAC                        -- missing on slave
(CURR11      :  14) MC3717.CMD                       -- missing on slave
(CURR11      :  14) LK132.CMD                        -- missing on slave
(CURR11      :  14) MACLST.CMD                       -- missing on slave
(CURR11      :  14) LK2342.CMD                       -- missing on slave
(CURR11      :  14) LD2342.CMD                       -- missing on slave
(CURR11      :  14) MC2351.CMD                       -- missing on slave
(CURR11      :  14) MC2342.CMD                       -- missing on slave
(CURR11      :  14) MCSRI1.CMD                       -- missing on slave
(CURR11      :  14) LKSRI1.CMD                       -- missing on slave
(CURR11      :  14) RU396.MAC                        -- missing on slave
(CURR11      :  14) CG642.MAC                        -- missing on slave
(CURR11      :  14) MC54B.CMD                        -- missing on slave
(CURR11      :  14) CG54A.MAC                        -- missing on slave
(CURR11      :  14) LK54B.CMD                        -- missing on slave
(CURR11      :  14) LK377T.CMD                       -- missing on slave
(CURR11      :  14) TLM.BOX                          -- missing on slave
(CURR11      :  14) LK553.CMD                        -- missing on slave
(CURR11      :  14) MC553.CMD                        -- missing on slave
(CURR11      :  14) ASMTMP.CMD                       -- missing on slave
(CURR11      :  14) LK397D.CMD                       -- missing on slave
(CURR11      :  14) CG397.MAC                        -- missing on slave
(CURR11      :  14) CG397X.MAC                       -- missing on slave
(CURR11      :  14) RU515.MAC                        -- missing on slave
(CURR11      :  14) LK213.CMD                        -- missing on slave
(CURR11      :  14) LK625.CMD                        -- missing on slave
(CURR11      :  14) MC213.CMD                        -- missing on slave
(CURR11      :  14) MC625.CMD                        -- missing on slave
(CURR11      :  14) LK1030.CMD                       -- missing on slave
(CURR11      :  14) MC1030.CMD                       -- missing on slave
(CURR11      :  14) RU470.MAC                        -- missing on slave
(CURR11      :  14) RU641.MAC                        -- missing on slave
(CURR11      :  14) LK751.CMD                        -- missing on slave
(CURR11      :  14) MC751.CMD                        -- missing on slave
(CURR11      :  14) CHKSUM.CMD                       -- missing on slave
(CURR11      :  14) RU76.MAC                         -- missing on slave
(CURR11      :  14) RU1663.MAC                       -- missing on slave
(CURR11      :  14) LK364.CMD                        -- missing on slave
(CURR11      :  14) MC364.CMD                        -- missing on slave
(CURR11      :  14) CG103Y.MAC                       -- missing on slave
(CURR11      :  14) CG1376.MAC                       -- missing on slave
(CURR11      :  14) CG1441.MAC                       -- missing on slave
(CURR11      :  14) RU1440.MAC                       -- missing on slave
(CURR11      :  14) 5XDTPR.MAC                       -- missing on slave
(CURR11      :  14) RU2340.MAC                       -- missing on slave
(CURR11      :  14) RU2347.MAC                       -- missing on slave
(CURR11      :  14) RU376S.MAC                       -- missing on slave
(CURR11      :  14) CG1200.MAC                       -- missing on slave
(CURR11      :  14) TSSCBZ.MAC                       -- missing on slave
(CURR11      :  14) LNKF3.MAC                        -- missing on slave
(CURR11      :  14) CG2350.MAC                       -- missing on slave
(CURR11      :  14) CG545A.MAC                       -- missing on slave
(CURR11      :  14) NOLNKI.MAC                       -- missing on slave
(CURR11      :  14) CG554A.MAC                       -- missing on slave
(CURR11      :  14) CG2413.MAC                       -- missing on slave
(CURR11      :  14) ATCPR.MAC                        -- missing on slave
(CURR11      :  14) LNKEB.MAC                        -- missing on slave
(CURR11      :  14) RU2356.MAC                       -- missing on slave
(CURR11      :  14) RU0277.MAC                       -- missing on slave
(CURR11      :  14) RU3213.MAC                       -- missing on slave
(CURR11      :  14) TEST69.MAC                       -- missing on slave
(CURR11      :  14) CGSCO2.MAC                       -- missing on slave
(CURR11      :  14) RUSCOT.MAC                       -- missing on slave
(CURR11      :  14) CG2341.MAC                       -- missing on slave
(CURR11      :  14) CG7703.MAC                       -- missing on slave
(CURR11      :  14) CG4600.MAC                       -- missing on slave
(CURR11      :  14) CG6533.MAC                       -- missing on slave
(CURR11      :  14) LINF.MAC                         -- missing on slave
(CURR11      :  14) MXV.MAC                          -- missing on slave
(CURR11      :  14) XMXV.MAC                         -- missing on slave
(CURR11      :  14) LNKBS.MAC                        -- missing on slave
(CURR11      :  14) LNKIS.MAC                        -- missing on slave
(CURR11      :  14) ROUTE.MAC                        -- missing on slave
(CURR11      :  14) DBUGPR.MAC                       -- missing on slave
(CURR11      :  14) LKEPKT.MAC                       -- missing on slave
(CURR11      :  14) RMTLOD.DOC                       -- missing on slave
(CURR11      :  14) PKT3.MAC                         -- missing on slave
(CURR11      :  14) NEXV43.DOC                       -- missing on slave
(CURR11      :  14) MNODE.DOC                        -- missing on slave
(CURR11      :  14) BASEPR.MAC                       -- missing on slave
(CURR11      :  14) NOZAP.MAC                        -- missing on slave
(CURR11      :  14) CRCTAB.MAC                       -- missing on slave
(CURR11      :  14) LNKD.MAC                         -- missing on slave
(CURR11      :  14) XLTCRS.MAC                       -- missing on slave
(CURR11      :  14) ND2347.LM1                       -- missing on slave
(CURR11      :  14) DOSTAP.SAV                       -- missing on slave
(CURR11      :  14) MCDEMO.CMD                       -- missing on slave
(CURR11      :  14) LK676.CMD                        -- missing on slave
(CURR11      :  14) LK543.CMD                        -- missing on slave
(CURR11      :  14) XXXLST.CMD                       -- missing on slave
(CURR11      :  14) XXXCFG.CMD                       -- missing on slave
(CURR11      :  14) LK2341.CMD                       -- missing on slave
(CURR11      :  14) MC2341.CMD                       -- missing on slave
(CURR11      :  14) MC67D.CMD                        -- missing on slave
(CURR11      :  14) LK67D.CMD                        -- missing on slave
(CURR11      :  14) CG396.MAC                        -- missing on slave
(CURR11      :  14) LK732.CMD                        -- missing on slave
(CURR11      :  14) RU370.MAC                        -- missing on slave
(CURR11      :  14) RU210.MAC                        -- missing on slave
(CURR11      :  14) MC104.CMD                        -- missing on slave
(CURR11      :  14) LK545A.CMD                       -- missing on slave
(CURR11      :  14) CG103X.MAC                       -- missing on slave
(CURR11      :  14) MC103Y.CMD                       -- missing on slave
(CURR11      :  14) LK103Y.CMD                       -- missing on slave
(CURR11      :  14) CG515.MAC                        -- missing on slave
(CURR11      :  14) CG641.MAC                        -- missing on slave
(CURR11      :  14) CG470.MAC                        -- missing on slave
(CURR11      :  14) RU377.MAC                        -- missing on slave
(CURR11      :  14) LK397.CMD                        -- missing on slave
(CURR11      :  14) LK397X.CMD                       -- missing on slave
(CURR11      :  14) MC397X.CMD                       -- missing on slave
(CURR11      :  14) RESTLN.CMD                       -- missing on slave
(CURR11      :  14) MC1441.CMD                       -- missing on slave
(CURR11      :  14) LK1441.CMD                       -- missing on slave
(CURR11      :  14) MC552.CMD                        -- missing on slave
(CURR11      :  14) RU557.MAC                        -- missing on slave
(CURR11      :  14) CG76.MAC                         -- missing on slave
(CURR11      :  14) MC676.CMD                        -- missing on slave
(CURR11      :  14) MC543.CMD                        -- missing on slave
(CURR11      :  14) LK1376.CMD                       -- missing on slave
(CURR11      :  14) RU514.MAC                        -- missing on slave
(CURR11      :  14) RU1662.MAC                       -- missing on slave
(CURR11      :  14) CG1663.MAC                       -- missing on slave
(CURR11      :  14) RU674.MAC                        -- missing on slave
(CURR11      :  14) MC1376.CMD                       -- missing on slave
(CURR11      :  14) MC642.CMD                        -- missing on slave
(CURR11      :  14) RU470B.MAC                       -- missing on slave
(CURR11      :  14) RU641B.MAC                       -- missing on slave
(CURR11      :  14) CG1440.MAC                       -- missing on slave
(CURR11      :  14) RU1421.MAC                       -- missing on slave
(CURR11      :  14) RU732A.MAC                       -- missing on slave
(CURR11      :  14) DCPX.MAC                         -- missing on slave
(CURR11      :  14) COMOBS.MAC                       -- missing on slave
(CURR11      :  14) RU376D.MAC                       -- missing on slave
(CURR11      :  14) RU167T.MAC                       -- missing on slave
(CURR11      :  14) CG2340.MAC                       -- missing on slave
(CURR11      :  14) RU375S.MAC                       -- missing on slave
(CURR11      :  14) CG376S.MAC                       -- missing on slave
(CURR11      :  14) CG2347.MAC                       -- missing on slave
(CURR11      :  14) RU2355.MAC                       -- missing on slave
(CURR11      :  14) RU4272.MAC                       -- missing on slave
(CURR11      :  14) RU5514.MAC                       -- missing on slave
(CURR11      :  14) RU5271.MAC                       -- missing on slave
(CURR11      :  14) RU5557.MAC                       -- missing on slave
(CURR11      :  14) RU6745.MAC                       -- missing on slave
(CURR11      :  14) RU3273.MAC                       -- missing on slave
(CURR11      :  14) RU4650.MAC                       -- missing on slave
(CURR11      :  14) X28PR.MAC                        -- missing on slave
(CURR11      :  14) SCCHPR.MAC                       -- missing on slave
(CURR11      :  14) CG2356.MAC                       -- missing on slave
(CURR11      :  14) CMDT28.MAC                       -- missing on slave
(CURR11      :  14) CG0277.MAC                       -- missing on slave
(CURR11      :  14) CG3213.MAC                       -- missing on slave
(CURR11      :  14) RU3212.MAC                       -- missing on slave
(CURR11      :  14) CGSCO1.MAC                       -- missing on slave
(CURR11      :  14) TRM.MAC                          -- missing on slave
(CURR11      :  14) LKBDPV.MAC                       -- missing on slave
(CURR11      :  14) JWRTAP.TAP                       -- missing on slave
(CURR11      :  14) GENCMD.SAI                       -- missing on slave
(CURR11      :  14) TEMP.MAC                         -- missing on slave
(CURR11      :  14) LKIDPV.MAC                       -- missing on slave
(CURR11      :  14) LNKC.MAC                         -- missing on slave
(CURR11      :  14) LNKF2.MAC                        -- missing on slave
(CURR11      :  14) XRAY.DOC                         -- missing on slave
(CURR11      :  14) PKT2DB.MAC                       -- missing on slave
(CURR11      :  14) PKT2.MAC                         -- missing on slave
(CURR11      :  14) END.MAC                          -- missing on slave
(CURR11      :  14) CFGLST.DIR                       -- missing on slave
(CURR11      :  14) CMDSAT.MAC                       -- missing on slave
(CURR11      :  14) SUBNET.MAC                       -- missing on slave
(CURR11      :  14) LKHPKP.MAC                       -- missing on slave
(CURR11      :  14) BUG.MAC                          -- missing on slave
(CURR11      :  14) NEXMGR.MEM                       -- missing on slave
(CURR11      :  14) NEXMGR.RNO                       -- missing on slave
(CURR11      :  14) NTDRV.MEM                        -- missing on slave
(CURR11      :  14) NTDRV.RNO                        -- missing on slave
(CURR11      :  14) NTDRV.DOC                        -- missing on slave
(CURR11      :  14) CMDT.MAC                         -- missing on slave
(CURR11      :  14) GBFUNC.DOC                       -- missing on slave
(CURR11      :  14) BUGPR.MAC                        -- missing on slave
(CURR11      :  14) LKGQAL.MAC                       -- missing on slave
(CURR11      :  14) 4XDTPR.MAC                       -- missing on slave
(CURR11      :  14) SV665A                           -- missing on slave
(CURR11      :  14) DCP.DOC                          -- missing on slave
(CURR11      :  14) DCP.PUB                          -- missing on slave
(CURR11      :  14) DCP.RNO                          -- missing on slave
(CURR11      :  14) DCP.MEM                          -- missing on slave
(CURR11      :  14) NODLOG.DOC                       -- missing on slave
(CURR11      :  14) RDIST.MON                        -- missing on slave
(CURR11      :  14) MP6533.MAP                       -- missing on slave
(CURR11      :  14) MP545A.MAP                       -- missing on slave
(CURR11      :  14) MP4600.MAP                       -- missing on slave
(CURR11      :  14) SV4474.IMG                       -- missing on slave
(CURR11      :  14) SV3450.IMG                       -- missing on slave
(CURR11      :  14) SV3027.IMG                       -- missing on slave
(CURR11      :  14) MP2413.MAP                       -- missing on slave
(CURR11      :  14) LNKI.MAC                         -- missing on slave
(CURR11      :  14) MC2340.CMD                       -- missing on slave
(CURR11      :  14) MC396.CMD                        -- missing on slave
(CURR11      :  14) LK397B.CMD                       -- missing on slave
(CURR11      :  14) MC67.CMD                         -- missing on slave
(CURR11      :  14) LK67.CMD                         -- missing on slave
(CURR11      :  14) RU377B.MAC                       -- missing on slave
(CURR11      :  14) CG210.MAC                        -- missing on slave
(CURR11      :  14) CG674.MAC                        -- missing on slave
(CURR11      :  14) CG764.MAC                        -- missing on slave
(CURR11      :  14) CG557.MAC                        -- missing on slave
(CURR11      :  14) CG467X.MAC                       -- missing on slave
(CURR11      :  14) LK515.CMD                        -- missing on slave
(CURR11      :  14) MNOD.LRC                         -- missing on slave
(CURR11      :  14) CG377.MAC                        -- missing on slave
(CURR11      :  14) MC515.CMD                        -- missing on slave
(CURR11      :  14) CG514.MAC                        -- missing on slave
(CURR11      :  14) LK103X.CMD                       -- missing on slave
(CURR11      :  14) MC103X.CMD                       -- missing on slave
(CURR11      :  14) MC1440.CMD                       -- missing on slave
(CURR11      :  14) LK1440.CMD                       -- missing on slave
(CURR11      :  14) LK470.CMD                        -- missing on slave
(CURR11      :  14) RU522.MAC                        -- missing on slave
(CURR11      :  14) LK641.CMD                        -- missing on slave
(CURR11      :  14) MACLH3.CMD                       -- missing on slave
(CURR11      :  14) MC470.CMD                        -- missing on slave
(CURR11      :  14) LK1663.CMD                       -- missing on slave
(CURR11      :  14) LK76.CMD                         -- missing on slave
(CURR11      :  14) MC76.CMD                         -- missing on slave
(CURR11      :  14) MC1663.CMD                       -- missing on slave
(CURR11      :  14) CG1662.MAC                       -- missing on slave
(CURR11      :  14) MC641.CMD                        -- missing on slave
(CURR11      :  14) PKT1Q.MAC                        -- missing on slave
(CURR11      :  14) CG641B.MAC                       -- missing on slave
(CURR11      :  14) RU641A.MAC                       -- missing on slave
(CURR11      :  14) CG1421.MAC                       -- missing on slave
(CURR11      :  14) CG470B.MAC                       -- missing on slave
(CURR11      :  14) CG376D.MAC                       -- missing on slave
(CURR11      :  14) DCP11.MAC                        -- missing on slave
(CURR11      :  14) CG167T.MAC                       -- missing on slave
(CURR11      :  14) RU2345.MAC                       -- missing on slave
(CURR11      :  14) CG375S.MAC                       -- missing on slave
(CURR11      :  14) ERRROM.MAC                       -- missing on slave
(CURR11      :  14) CG2355.MAC                       -- missing on slave
(CURR11      :  14) RU5270.MAC                       -- missing on slave
(CURR11      :  14) CG3273.MAC                       -- missing on slave
(CURR11      :  14) CG5514.MAC                       -- missing on slave
(CURR11      :  14) CG5271.MAC                       -- missing on slave
(CURR11      :  14) CG6745.MAC                       -- missing on slave
(CURR11      :  14) CG4272.MAC                       -- missing on slave
(CURR11      :  14) CG4650.MAC                       -- missing on slave
(CURR11      :  14) CG5557.MAC                       -- missing on slave
(CURR11      :  14) DPVMXV.MAC                       -- missing on slave
(CURR11      :  14) CG732A.MAC                       -- missing on slave
(CURR11      :  14) CG3212.MAC                       -- missing on slave
(CURR11      :  14) PADMGR.MAC                       -- missing on slave
(CURR11      :  14) LKIPK2.MAC                       -- missing on slave
(CURR11      :  14) CG3203.MAC                       -- missing on slave
(CURR11      :  14) GENSAT.SAI                       -- missing on slave
(CURR11      :  14) GENNOD.V10                       -- missing on slave
(CURR11      :  14) GENNOD.DOC                       -- missing on slave
(CURR11      :  14) GENNOD.REL                       -- missing on slave
(CURR11      :  14) GENNOD.SAI                       -- missing on slave
(CURR11      :  14) GENNOD.SAV                       -- missing on slave
(CURR11      :  14) COMMON.MAC                       -- missing on slave
(CURR11      :  14) LNKIPR.MAC                       -- missing on slave
(CURR11      :  14) LOAD.MAC                         -- missing on slave
(CURR11      :  14) CMDS.MAC                         -- missing on slave
(CURR11      :  14) XP.MAC                           -- missing on slave
(CURR11      :  14) LNKF1.MAC                        -- missing on slave
(CURR11      :  14) LNKB.MAC                         -- missing on slave
(CURR11      :  14) LNKBPR.MAC                       -- missing on slave
(CURR11      :  14) TRMP.MAC                         -- missing on slave
(CURR11      :  14) LKHPK3.MAC                       -- missing on slave
(CURR11      :  14) PKT1DB.MAC                       -- missing on slave
(CURR11      :  14) BASCFG.DOC                       -- missing on slave
(CURR11      :  14) BASCFG.RNO                       -- missing on slave
(CURR11      :  14) LKBDUP.MAC                       -- missing on slave
(CURR11      :  14) PKT1.MAC                         -- missing on slave
(CURR11      :  14) XPEND.MAC                        -- missing on slave
(CURR11      :  14) XB.MAC                           -- missing on slave
(CURR11      :  14) ARCTAP.DOC                       -- missing on slave
(CURR11      :  14) BASCFG.MEM                       -- missing on slave
(CURR11      :  14) LTCTST.DOC                       -- missing on slave
(CURR11      :  14) LTCTST.MEM                       -- missing on slave
(CURR11      :  14) LTCTST.RNO                       -- missing on slave
(CURR11      :  14) LPA.MAC                          -- missing on slave
(CURR11      :  14) GBSPEC.DOC                       -- missing on slave
(CURR11      :  14) CFGBAS.MEM                       -- missing on slave
(CURR11      :  14) 3XDTPR.MAC                       -- missing on slave
(CURR11      :  14) LIND.MAC                         -- missing on slave
(CURR11      :  14) LINDPR.MAC                       -- missing on slave
(CURR11      :  14) TYMB.MAC                         -- missing on slave
(CURR11      :  14) XLTEBC.MAC                       -- missing on slave
(CURR11      :  14) MPSCO1.MAP                       -- missing on slave
(CURR11      :  14) MP2347.MAP                       -- missing on slave
(CURR11      :  14) RU2396.NBJ                       -- missing on slave
(CURR11      :  14) MC2355.CMD                       -- missing on slave
(CURR11      :  14) MACOBJ.CMD                       -- missing on slave
(CURR11      :  14) NEWLNK.LOG                       -- missing on slave
(CURR11      :  14) LKIPK1.REL                       -- missing on slave
(CURR11      :  14) LK4272.CMD                       -- missing on slave
(CURR11      :  14) MC167T.CMD                       -- missing on slave
(CURR11      :  14) CG522.MAC                        -- missing on slave
(CURR11      :  14) STATUS.OOB                       -- missing on slave
(CURR11      :  14) LK375S.CMD                       -- missing on slave
(CURR11      :  14) MC375S.CMD                       -- missing on slave
(CURR11      :  14) LK376D.CMD                       -- missing on slave
(CURR11      :  14) MC376D.CMD                       -- missing on slave
(CURR11      :  14) MC377X.CMD                       -- missing on slave
(CURR11      :  14) MC566.CMD                        -- missing on slave
(CURR11      :  14) LK566.CMD                        -- missing on slave
(CURR11      :  14) MC66.CMD                         -- missing on slave
(CURR11      :  14) LK66.CMD                         -- missing on slave
(CURR11      :  14) MC467.CMD                        -- missing on slave
(CURR11      :  14) LK467.CMD                        -- missing on slave
(CURR11      :  14) CG377B.MAC                       -- missing on slave
(CURR11      :  14) MC210.CMD                        -- missing on slave
(CURR11      :  14) LK467X.CMD                       -- missing on slave
(CURR11      :  14) RU350.MAC                        -- missing on slave
(CURR11      :  14) MC764.CMD                        -- missing on slave
(CURR11      :  14) MC467X.CMD                       -- missing on slave
(CURR11      :  14) LK470B.CMD                       -- missing on slave
(CURR11      :  14) LK641B.CMD                       -- missing on slave
(CURR11      :  14) LK377.CMD                        -- missing on slave
(CURR11      :  14) MC377.CMD                        -- missing on slave
(CURR11      :  14) RU555C.MAC                       -- missing on slave
(CURR11      :  14) LK557.CMD                        -- missing on slave
(CURR11      :  14) MC557.CMD                        -- missing on slave
(CURR11      :  14) MC470B.CMD                       -- missing on slave
(CURR11      :  14) RU555.MAC                        -- missing on slave
(CURR11      :  14) MACLH2.CMD                       -- missing on slave
(CURR11      :  14) MC676A.CMD                       -- missing on slave
(CURR11      :  14) LK676A.CMD                       -- missing on slave
(CURR11      :  14) RU701.MAC                        -- missing on slave
(CURR11      :  14) LK1662.CMD                       -- missing on slave
(CURR11      :  14) MC514.CMD                        -- missing on slave
(CURR11      :  14) LK514.CMD                        -- missing on slave
(CURR11      :  14) MC1662.CMD                       -- missing on slave
(CURR11      :  14) LK1421.CMD                       -- missing on slave
(CURR11      :  14) LK674.CMD                        -- missing on slave
(CURR11      :  14) MC674.CMD                        -- missing on slave
(CURR11      :  14) MC641B.CMD                       -- missing on slave
(CURR11      :  14) SATSUM.CMD                       -- missing on slave
(CURR11      :  14) LK732A.CMD                       -- missing on slave
(CURR11      :  14) MC1421.CMD                       -- missing on slave
(CURR11      :  14) MC732A.CMD                       -- missing on slave
(CURR11      :  14) CG103A.MAC                       -- missing on slave
(CURR11      :  14) CG641A.MAC                       -- missing on slave
(CURR11      :  14) RU522B.MAC                       -- missing on slave
(CURR11      :  14) RU674A.MAC                       -- missing on slave
(CURR11      :  14) KMCMAC.MAC                       -- missing on slave
(CURR11      :  14) MAC86.MAC                        -- missing on slave
(CURR11      :  14) DPVBOT.MAC                       -- missing on slave
(CURR11      :  14) XPLIST.MAC                       -- missing on slave
(CURR11      :  14) DMYTRM.MAC                       -- missing on slave
(CURR11      :  14) RU2344.MAC                       -- missing on slave
(CURR11      :  14) CG2345.MAC                       -- missing on slave
(CURR11      :  14) RU2353.MAC                       -- missing on slave
(CURR11      :  14) LNKIB.MAC                        -- missing on slave
(CURR11      :  14) RU545D.MAC                       -- missing on slave
(CURR11      :  14) RU2396.MAC                       -- missing on slave
(CURR11      :  14) CG2397.MAC                       -- missing on slave
(CURR11      :  14) MC4272.MAC                       -- missing on slave
(CURR11      :  14) RU6511.MAC                       -- missing on slave
(CURR11      :  14) RU3575.MAC                       -- missing on slave
(CURR11      :  14) RU4036.MAC                       -- missing on slave
(CURR11      :  14) RX6533.MAC                       -- missing on slave
(CURR11      :  14) CG5270.MAC                       -- missing on slave
(CURR11      :  14) LKIPK1.MAC                       -- missing on slave
(CURR11      :  14) V2353.MAC                        -- missing on slave
(CURR11      :  14) TERMIN.LOG                       -- missing on slave
(CURR11      :  14) TYMA.MAC                         -- missing on slave
(CURR11      :  14) LKHPK2.MAC                       -- missing on slave
(CURR11      :  14) LNKHC.MAC                        -- missing on slave
(CURR11      :  14) DPVPR.MAC                        -- missing on slave
(CURR11      :  14) XBDV.MAC                         -- missing on slave
(CURR11      :  14) STATUS.MAC                       -- missing on slave
(CURR11      :  14) LKBDUV.MAC                       -- missing on slave
(CURR11      :  14) BDV.MAC                          -- missing on slave
(CURR11      :  14) LNKHPR.MAC                       -- missing on slave
(CURR11      :  14) NOEIS.MAC                        -- missing on slave
(CURR11      :  14) EDIT.DOC                         -- missing on slave
(CURR11      :  14) FUNCSP.DOC                       -- missing on slave
(CURR11      :  14) ZAPBUF.MAC                       -- missing on slave
(CURR11      :  14) LINC.MAC                         -- missing on slave
(CURR11      :  14) SATBLD.RNO                       -- missing on slave
(CURR11      :  14) AUTO7.MAC                        -- missing on slave
(CURR11      :  14) XLTBCD.MAC                       -- missing on slave
(CURR11      :  14) XLTCAL.MAC                       -- missing on slave
(CURR11      :  14) ND2344.LM1                       -- missing on slave
(CURR11      :  14) NODE.LOG                         -- missing on slave
(CURR11      :  14) LOAD11.SAV                       -- missing on slave
(CURR11      :  14) MP3273.MAP                       -- missing on slave
(CURR11      :  14) MP3203.MAP                       -- missing on slave
(CURR11      :  14) MP732A.MAP                       -- missing on slave
(CURR11      :  14) MP470B.MAP                       -- missing on slave
(CURR11      :  14) MP514.MAP                        -- missing on slave
(CURR11      :  14) CMDSST.OBJ                       -- missing on slave
(CURR11      :  14) CMDX28.OBJ                       -- missing on slave
(CURR11      :  14) CMDTYM.OBJ                       -- missing on slave
(CURR11      :  14) EXEC.OBJ                         -- missing on slave
(CURR11      :  14) MC2397.CMD                       -- missing on slave
(CURR11      :  14) MCCARL.CMD                       -- missing on slave
(CURR11      :  14) LK2354.CMD                       -- missing on slave
(CURR11      :  14) LK2397.CMD                       -- missing on slave
(CURR11      :  14) MC2354.CMD                       -- missing on slave
(CURR11      :  14) CGX.MAC                          -- missing on slave
(CURR11      :  14) CG64.MAC                         -- missing on slave
(CURR11      :  14) LK556.CMD                        -- missing on slave
(CURR11      :  14) RU662.MAC                        -- missing on slave
(CURR11      :  14) MC556.CMD                        -- missing on slave
(CURR11      :  14) LK522.CMD                        -- missing on slave
(CURR11      :  14) RU167.MAC                        -- missing on slave
(CURR11      :  14) ND2343.CMD                       -- missing on slave
(CURR11      :  14) LK2345.CMD                       -- missing on slave
(CURR11      :  14) MC2345.CMD                       -- missing on slave
(CURR11      :  14) MC377B.CMD                       -- missing on slave
(CURR11      :  14) LK377B.CMD                       -- missing on slave
(CURR11      :  14) MC566B.CMD                       -- missing on slave
(CURR11      :  14) LK566B.CMD                       -- missing on slave
(CURR11      :  14) CG177.MAC                        -- missing on slave
(CURR11      :  14) CG350.MAC                        -- missing on slave
(CURR11      :  14) RU54.MAC                         -- missing on slave
(CURR11      :  14) CG555.MAC                        -- missing on slave
(CURR11      :  14) LK641A.CMD                       -- missing on slave
(CURR11      :  14) CG555C.MAC                       -- missing on slave
(CURR11      :  14) RESTCF.CMD                       -- missing on slave
(CURR11      :  14) SATMAC.CMD                       -- missing on slave
(CURR11      :  14) MC522.CMD                        -- missing on slave
(CURR11      :  14) RU554.MAC                        -- missing on slave
(CURR11      :  14) MACLH1.CMD                       -- missing on slave
(CURR11      :  14) MACLIS.CMD                       -- missing on slave
(CURR11      :  14) CG701.MAC                        -- missing on slave
(CURR11      :  14) RU421.MAC                        -- missing on slave
(CURR11      :  14) MC641A.CMD                       -- missing on slave
(CURR11      :  14) CG674A.MAC                       -- missing on slave
(CURR11      :  14) RU522A.MAC                       -- missing on slave
(CURR11      :  14) KMCKOD.MAC                       -- missing on slave
(CURR11      :  14) DCP86.MAC                        -- missing on slave
(CURR11      :  14) RU2343.MAC                       -- missing on slave
(CURR11      :  14) LKITPC.MAC                       -- missing on slave
(CURR11      :  14) RUSRI2.MAC                       -- missing on slave
(CURR11      :  14) CG2344.MAC                       -- missing on slave
(CURR11      :  14) RU2377.MAC                       -- missing on slave
(CURR11      :  14) RU2352.MAC                       -- missing on slave
(CURR11      :  14) CG522B.MAC                       -- missing on slave
(CURR11      :  14) CG545D.MAC                       -- missing on slave
(CURR11      :  14) CG2396.MAC                       -- missing on slave
(CURR11      :  14) ONCROM.MAC                       -- missing on slave
(CURR11      :  14) RU4474.MAC                       -- missing on slave
(CURR11      :  14) RU3450.MAC                       -- missing on slave
(CURR11      :  14) RU2370.MAC                       -- missing on slave
(CURR11      :  14) CX6533.MAC                       -- missing on slave
(CURR11      :  14) LNKEB1.MAC                       -- missing on slave
(CURR11      :  14) CG3575.MAC                       -- missing on slave
(CURR11      :  14) CG6511.MAC                       -- missing on slave
(CURR11      :  14) CMDX28.MAC                       -- missing on slave
(CURR11      :  14) LNKIA.MAC                        -- missing on slave
(CURR11      :  14) CG2353.MAC                       -- missing on slave
(CURR11      :  14) CG4036.MAC                       -- missing on slave
(CURR11      :  14) RULAB.MAC                        -- missing on slave
(CURR11      :  14) CGSCO5.MAC                       -- missing on slave
(CURR11      :  14) AUTOY.MAC                        -- missing on slave
(CURR11      :  14) LNKHB.MAC                        -- missing on slave
(CURR11      :  14) LKHPK1.MAC                       -- missing on slave
(CURR11      :  14) EXEC.MAC                         -- missing on slave
(CURR11      :  14) TY9301.MAC                       -- missing on slave
(CURR11      :  14) LINB.MAC                         -- missing on slave
(CURR11      :  14) CMDTYM.MAC                       -- missing on slave
(CURR11      :  14) SCRIPT.MAC                       -- missing on slave
(CURR11      :  14) CHECKT.FMT                       -- missing on slave
(CURR11      :  14) X25Q.MAC                         -- missing on slave
(CURR11      :  14) SATTST.MEM                       -- missing on slave
(CURR11      :  14) SATSPC.MEM                       -- missing on slave
(CURR11      :  14) RELESE.LOG                       -- missing on slave
(CURR11      :  14) AUTO13.MAC                       -- missing on slave
(CURR11      :  14) SATTST.RNO                       -- missing on slave
(CURR11      :  14) SATSPC.RNO                       -- missing on slave
(CURR11      :  14) DUPPR.MAC                        -- missing on slave
(CURR11      :  14) LINBPR.MAC                       -- missing on slave
(CURR11      :  14) XDT.MAC                          -- missing on slave
(CURR11      :  14) AUTO6.MAC                        -- missing on slave
(CURR11      :  14) CRCBYT.MAC                       -- missing on slave
(CURR11      :  14) LNK2.MAC                         -- missing on slave
(CURR11      :  14) LNKG.MAC                         -- missing on slave
(CURR11      :  14) ONCE.MAC                         -- missing on slave
(CURR11      :  14) ND2343.LM1                       -- missing on slave
(CURR11      :  14) ND2352.LM1                       -- missing on slave
(CURR11      :  14) RPG.INI                          -- missing on slave
(CURR11      :  14) NODLOD.SAV                       -- missing on slave
(CURR11      :  14) ACCESS.LIS                       -- missing on slave
Checking host 32
(CURR11      :  32) RDIST.LOG      1 14-Nov-89 15:07 -- bad checksum TOKMAB
                           should be 16-Oct-89 20:25 SOTBAB  ALL  RD  NO

End of SAIL execution
!copy rdist.log,rdist.out

!mung findit,rdist.out

FINDIT.TEC V5 - Clean up log from MHX+(SPL)FINDIT and sort by file name
1165
R SORT
rdist.out=rdist.out/R80/K21.10/K54.6/K1.20
SORTED 1165 RECORDS

EXIT

!copy rdist.log,rdist.Tuesday

!; System X17 has only RDIST.* files
!rdist rdist.*/host:14,17,32,33
Master host: 32
11 files on master system.
Slave hosts: 14,17,32,33
Checking host 14
(CURR11      :  14) RDIST.BAK                        -- missing on slave
(CURR11      :  14) RDIST.CTL                        -- missing on slave
(CURR11      :  14) RDIST.SUN                        -- missing on slave
(CURR11      :  14) RDIST.SAT                        -- missing on slave
(CURR11      :  14) RDIST.OUT                        -- missing on slave
(CURR11      :  14) RDIST.FRI                        -- missing on slave
(CURR11      :  14) RDIST.MON                        -- missing on slave
(CURR11      :  14) RDIST.THU                        -- missing on slave
(CURR11      :  14) RDIST.WED                        -- missing on slave
(CURR11      :  14) RDIST.LOG                        -- missing on slave
(CURR11      :  14) RDIST.TUE                        -- missing on slave
Checking host 17
(CURR11      :  17) RDIST.OUT      2 16-Oct-89 20:25 -- bad checksum WIYCOD
                           should be 14-Nov-89 16:01 YIGCOH  ALL  RD  NO
(CURR11      :  17) RDIST.TUE      2 10-Oct-89 20:25 -- bad checksum KOYRUL
                           should be 14-Nov-89 16:01 HEMRAJ  ALL  RD  NO
(CURR11      :  17) RDIST.LOG      3 16-Oct-89 20:25 -- bad checksum ZOHPAG
                           should be 14-Nov-89 15:07 QALPAD  ALL  RD  NO
Checking host 32
(CURR11      :  32) RDIST.LOG      1 14-Nov-89 15:07 -- bad checksum NURQOP
                           should be 14-Nov-89 15:07 QALPAD  ALL  RD  NO
Checking host 33
(CURR11      :  33) RDIST.TUE      2 10-Oct-89 20:26 -- bad checksum KOYRUL
                           should be 14-Nov-89 16:01 HEMRAJ  ALL  RD  NO
(CURR11      :  33) RDIST.LOG      3 16-Oct-89 20:25 -- bad checksum SOTBAB
                           should be 14-Nov-89 15:07 QALPAD  ALL  RD  NO
(CURR11      :  33) RDIST.OUT      2 16-Oct-89 20:26 -- bad checksum WIYCOD
                           should be 14-Nov-89 16:01 YIGCOH  ALL  RD  NO
Starting TELECOPY

: 
: 
: 
COPY STARTING

(CURR11:32)RDIST.BAK COPIED TO (CURR11:14)RDIST.BAK

212 (243) CHARS. TRANSMITTED

: 
COPY STARTING

(CURR11:32)RDIST.CTL COPIED TO (CURR11:14)RDIST.CTL

248 (286) CHARS. TRANSMITTED

: 
COPY STARTING

(CURR11:32)RDIST.SUN COPIED TO (CURR11:14)RDIST.SUN

2304 (718) CHARS. TRANSMITTED

: 
COPY STARTING

(CURR11:32)RDIST.SAT COPIED TO (CURR11:14)RDIST.SAT

2304 (719) CHARS. TRANSMITTED

: 
COPY STARTING

(CURR11:32)RDIST.OUT COPIED TO (CURR11:14)RDIST.OUT

80735 (41675) CHARS. TRANSMITTED

: 
COPY STARTING

(CURR11:32)RDIST.FRI COPIED TO (CURR11:14)RDIST.FRI

2304 (848) CHARS. TRANSMITTED

: 
COPY STARTING

(CURR11:32)RDIST.MON COPIED TO (CURR11:14)RDIST.MON

2304 (983) CHARS. TRANSMITTED

: 
COPY STARTING

(CURR11:32)RDIST.THU COPIED TO (CURR11:14)RDIST.THU

2304 (992) CHARS. TRANSMITTED

: 
COPY STARTING

(CURR11:32)RDIST.WED COPIED TO (CURR11:14)RDIST.WED

2304 (722) CHARS. TRANSMITTED

: 
COPY STARTING
                                                                                                                                                                                                                                                                                                                                                                                                                                                                                                                                                                                                                                                                                                                                                                                                                                                                                                                                                                                                                                                                                                                                                                                                                                                                                                                                                                                                                                                                                                                                                                                                                                                                                                                                                                                                                                                                                                                                                                                                                                                                                                                                                                                                                                                                                   D 